2023-06-08 00:23:33,769 - INFO - [31m[1mWARNING: This is a development server. Do not use it in a production deployment. Use a production WSGI server instead.[0m
 * Running on http://127.0.0.1:3000
2023-06-08 00:23:33,770 - INFO - [33mPress CTRL+C to quit[0m
2023-06-08 00:24:00,267 - INFO - capture_screenshot_with_sort will started
2023-06-08 00:24:00,275 - INFO - Applicable driver not found; attempting to install with Selenium Manager (Beta)
2023-06-08 00:24:38,529 - INFO - ScreenShot Saved Succesfully
2023-06-08 00:24:45,529 - INFO - 127.0.0.1 - - [08/Jun/2023 00:24:45] "POST /inna HTTP/1.1" 200 -
2023-06-08 00:24:45,529 - INFO - 127.0.0.1 - - [08/Jun/2023 00:24:45] "POST /inna HTTP/1.1" 200 -
2023-06-08 00:24:45,530 - INFO - 127.0.0.1 - - [08/Jun/2023 00:24:45] "POST /inna HTTP/1.1" 200 -
2023-06-08 00:24:45,530 - INFO - 127.0.0.1 - - [08/Jun/2023 00:24:45] "POST /inna HTTP/1.1" 200 -
2023-06-08 00:24:58,048 - INFO - 127.0.0.1 - - [08/Jun/2023 00:24:58] "POST /inna HTTP/1.1" 200 -
2023-06-08 00:25:05,739 - INFO - 127.0.0.1 - - [08/Jun/2023 00:25:05] "POST /inna HTTP/1.1" 200 -
2023-06-08 00:25:05,739 - INFO - 127.0.0.1 - - [08/Jun/2023 00:25:05] "POST /inna HTTP/1.1" 200 -
2023-06-08 00:25:05,739 - INFO - 127.0.0.1 - - [08/Jun/2023 00:25:05] "POST /inna HTTP/1.1" 200 -
2023-06-08 00:25:14,311 - INFO - 127.0.0.1 - - [08/Jun/2023 00:25:14] "POST /inna HTTP/1.1" 200 -
2023-06-08 00:25:14,311 - INFO - 127.0.0.1 - - [08/Jun/2023 00:25:14] "POST /inna HTTP/1.1" 200 -
2023-06-08 00:25:24,563 - INFO - 127.0.0.1 - - [08/Jun/2023 00:25:24] "POST /inna HTTP/1.1" 200 -
2023-06-08 00:25:24,563 - INFO - 127.0.0.1 - - [08/Jun/2023 00:25:24] "POST /inna HTTP/1.1" 200 -
2023-06-08 00:25:24,564 - INFO - 127.0.0.1 - - [08/Jun/2023 00:25:24] "POST /inna HTTP/1.1" 200 -
2023-06-08 00:25:24,564 - INFO - 127.0.0.1 - - [08/Jun/2023 00:25:24] "POST /inna HTTP/1.1" 200 -
2023-06-08 00:25:29,660 - INFO - 127.0.0.1 - - [08/Jun/2023 00:25:29] "POST /inna HTTP/1.1" 200 -
2023-06-08 00:25:38,256 - INFO - 127.0.0.1 - - [08/Jun/2023 00:25:38] "POST /inna HTTP/1.1" 200 -
2023-06-08 00:25:38,257 - INFO - 127.0.0.1 - - [08/Jun/2023 00:25:38] "POST /inna HTTP/1.1" 200 -
2023-06-08 00:25:49,076 - INFO - 127.0.0.1 - - [08/Jun/2023 00:25:49] "POST /inna HTTP/1.1" 200 -
2023-06-08 00:25:49,076 - INFO - 127.0.0.1 - - [08/Jun/2023 00:25:49] "POST /inna HTTP/1.1" 200 -
2023-06-08 00:25:53,312 - INFO - 127.0.0.1 - - [08/Jun/2023 00:25:53] "POST /inna HTTP/1.1" 200 -
2023-06-08 00:25:53,312 - INFO - 127.0.0.1 - - [08/Jun/2023 00:25:53] "POST /inna HTTP/1.1" 200 -
2023-06-08 00:26:00,416 - INFO - 127.0.0.1 - - [08/Jun/2023 00:26:00] "POST /inna HTTP/1.1" 200 -
2023-06-08 00:26:00,416 - INFO - 127.0.0.1 - - [08/Jun/2023 00:26:00] "POST /inna HTTP/1.1" 200 -
2023-06-08 00:26:00,416 - INFO - 127.0.0.1 - - [08/Jun/2023 00:26:00] "POST /inna HTTP/1.1" 200 -
2023-06-08 00:26:00,416 - INFO - 127.0.0.1 - - [08/Jun/2023 00:26:00] "POST /inna HTTP/1.1" 200 -
2023-06-08 00:26:10,081 - INFO - 127.0.0.1 - - [08/Jun/2023 00:26:10] "POST /inna HTTP/1.1" 200 -
2023-06-08 00:26:12,894 - INFO - 127.0.0.1 - - [08/Jun/2023 00:26:12] "POST /inna HTTP/1.1" 200 -
2023-06-08 00:26:20,692 - INFO - 127.0.0.1 - - [08/Jun/2023 00:26:20] "POST /inna HTTP/1.1" 200 -
2023-06-08 00:26:31,592 - INFO - 127.0.0.1 - - [08/Jun/2023 00:26:31] "POST /inna HTTP/1.1" 200 -
2023-06-08 00:26:36,695 - INFO - 127.0.0.1 - - [08/Jun/2023 00:26:36] "POST /inna HTTP/1.1" 200 -
2023-06-08 00:26:44,679 - INFO - 127.0.0.1 - - [08/Jun/2023 00:26:44] "POST /inna HTTP/1.1" 200 -
2023-06-08 00:28:31,599 - INFO - 127.0.0.1 - - [08/Jun/2023 00:28:31] "POST /inna HTTP/1.1" 200 -
2023-06-08 00:28:31,599 - INFO - 127.0.0.1 - - [08/Jun/2023 00:28:31] "POST /inna HTTP/1.1" 200 -
2023-06-08 00:29:24,592 - INFO - 127.0.0.1 - - [08/Jun/2023 00:29:24] "POST /inna HTTP/1.1" 200 -
2023-06-08 00:30:20,311 - INFO - 127.0.0.1 - - [08/Jun/2023 00:30:20] "POST /inna HTTP/1.1" 200 -
2023-06-08 00:30:20,372 - INFO - 127.0.0.1 - - [08/Jun/2023 00:30:20] "POST /inna HTTP/1.1" 200 -
2023-06-08 00:30:55,542 - INFO - 127.0.0.1 - - [08/Jun/2023 00:30:55] "POST /inna HTTP/1.1" 200 -
2023-06-08 00:30:56,552 - INFO - 127.0.0.1 - - [08/Jun/2023 00:30:56] "POST /inna HTTP/1.1" 200 -
2023-06-08 00:31:58,200 - INFO - capture_screenshot_with_sort will started
2023-06-08 00:31:58,220 - INFO - Applicable driver not found; attempting to install with Selenium Manager (Beta)
2023-06-08 00:32:39,524 - INFO - ScreenShot Saved Succesfully
2023-06-08 00:32:46,615 - INFO - 127.0.0.1 - - [08/Jun/2023 00:32:46] "POST /inna HTTP/1.1" 200 -
2023-06-08 00:32:46,615 - INFO - 127.0.0.1 - - [08/Jun/2023 00:32:46] "POST /inna HTTP/1.1" 200 -
2023-06-08 00:33:10,103 - INFO - 127.0.0.1 - - [08/Jun/2023 00:33:10] "POST /inna HTTP/1.1" 200 -
2023-06-08 00:33:10,950 - INFO - capture_screenshot_with_sort will started
2023-06-08 00:33:10,974 - INFO - Applicable driver not found; attempting to install with Selenium Manager (Beta)
2023-06-08 00:33:50,017 - INFO - ScreenShot Saved Succesfully
2023-06-08 00:33:57,076 - INFO - 127.0.0.1 - - [08/Jun/2023 00:33:57] "POST /inna HTTP/1.1" 200 -
2023-06-08 00:33:57,076 - INFO - 127.0.0.1 - - [08/Jun/2023 00:33:57] "POST /inna HTTP/1.1" 200 -
2023-06-08 00:34:16,627 - INFO - 127.0.0.1 - - [08/Jun/2023 00:34:16] "POST /inna HTTP/1.1" 200 -
2023-06-08 10:04:14,673 - INFO - 127.0.0.1 - - [08/Jun/2023 10:04:14] "POST /inna HTTP/1.1" 200 -
2023-06-08 10:04:14,674 - INFO - 127.0.0.1 - - [08/Jun/2023 10:04:14] "POST /inna HTTP/1.1" 200 -
2023-06-08 10:05:14,500 - INFO - 127.0.0.1 - - [08/Jun/2023 10:05:14] "POST /inna HTTP/1.1" 200 -
2023-06-08 10:52:42,239 - INFO - 127.0.0.1 - - [08/Jun/2023 10:52:42] "POST /inna HTTP/1.1" 200 -
2023-06-08 10:52:42,239 - INFO - 127.0.0.1 - - [08/Jun/2023 10:52:42] "POST /inna HTTP/1.1" 200 -
2023-06-08 10:53:38,556 - INFO - 127.0.0.1 - - [08/Jun/2023 10:53:38] "POST /inna HTTP/1.1" 200 -
2023-06-08 11:00:14,095 - INFO - 127.0.0.1 - - [08/Jun/2023 11:00:14] "POST /inna HTTP/1.1" 200 -
2023-06-08 11:00:14,096 - INFO - 127.0.0.1 - - [08/Jun/2023 11:00:14] "POST /inna HTTP/1.1" 200 -
2023-06-08 11:01:16,581 - INFO - 127.0.0.1 - - [08/Jun/2023 11:01:16] "POST /inna HTTP/1.1" 200 -
2023-06-08 11:11:11,597 - INFO - 127.0.0.1 - - [08/Jun/2023 11:11:11] "POST /inna HTTP/1.1" 200 -
2023-06-08 11:11:11,598 - INFO - 127.0.0.1 - - [08/Jun/2023 11:11:11] "POST /inna HTTP/1.1" 200 -
2023-06-08 11:11:59,714 - INFO - 127.0.0.1 - - [08/Jun/2023 11:11:59] "POST /inna HTTP/1.1" 200 -
2023-06-08 11:11:59,714 - INFO - 127.0.0.1 - - [08/Jun/2023 11:11:59] "POST /inna HTTP/1.1" 200 -
2023-06-08 11:12:12,091 - INFO - 127.0.0.1 - - [08/Jun/2023 11:12:12] "POST /inna HTTP/1.1" 200 -
2023-06-08 11:12:54,997 - INFO - 127.0.0.1 - - [08/Jun/2023 11:12:54] "POST /inna HTTP/1.1" 200 -
2023-06-08 11:12:54,998 - INFO - 127.0.0.1 - - [08/Jun/2023 11:12:54] "POST /inna HTTP/1.1" 200 -
2023-06-08 11:12:54,998 - INFO - 127.0.0.1 - - [08/Jun/2023 11:12:54] "POST /inna HTTP/1.1" 200 -
2023-06-08 11:13:49,901 - INFO - 127.0.0.1 - - [08/Jun/2023 11:13:49] "POST /inna HTTP/1.1" 200 -
2023-06-08 11:13:49,902 - INFO - 127.0.0.1 - - [08/Jun/2023 11:13:49] "POST /inna HTTP/1.1" 200 -
2023-06-08 11:13:53,688 - INFO - 127.0.0.1 - - [08/Jun/2023 11:13:53] "POST /inna HTTP/1.1" 200 -
2023-06-08 11:14:50,571 - INFO - 127.0.0.1 - - [08/Jun/2023 11:14:50] "POST /inna HTTP/1.1" 200 -
2023-06-09 14:29:45,668 - INFO - 127.0.0.1 - - [09/Jun/2023 14:29:45] "POST /inna HTTP/1.1" 200 -
2023-06-09 14:30:11,503 - INFO - 127.0.0.1 - - [09/Jun/2023 14:30:11] "POST /inna HTTP/1.1" 200 -
2023-06-09 14:30:11,504 - INFO - 127.0.0.1 - - [09/Jun/2023 14:30:11] "POST /inna HTTP/1.1" 200 -
2023-06-09 14:30:47,659 - INFO - 127.0.0.1 - - [09/Jun/2023 14:30:47] "POST /inna HTTP/1.1" 200 -
2023-06-09 14:30:47,660 - INFO - 127.0.0.1 - - [09/Jun/2023 14:30:47] "POST /inna HTTP/1.1" 200 -
2023-06-09 14:31:43,645 - INFO - 127.0.0.1 - - [09/Jun/2023 14:31:43] "POST /inna HTTP/1.1" 200 -
2023-06-09 14:31:43,646 - INFO - 127.0.0.1 - - [09/Jun/2023 14:31:43] "POST /inna HTTP/1.1" 200 -
2023-06-09 14:31:45,144 - INFO - 127.0.0.1 - - [09/Jun/2023 14:31:45] "POST /inna HTTP/1.1" 200 -
2023-06-09 14:32:33,271 - INFO - 127.0.0.1 - - [09/Jun/2023 14:32:33] "POST /inna HTTP/1.1" 200 -
2023-06-09 14:32:33,272 - INFO - 127.0.0.1 - - [09/Jun/2023 14:32:33] "POST /inna HTTP/1.1" 200 -
2023-06-09 14:32:35,511 - INFO - 127.0.0.1 - - [09/Jun/2023 14:32:35] "POST /inna HTTP/1.1" 200 -
2023-06-09 14:33:12,393 - INFO - 127.0.0.1 - - [09/Jun/2023 14:33:12] "POST /inna HTTP/1.1" 200 -
2023-06-09 14:33:12,393 - INFO - 127.0.0.1 - - [09/Jun/2023 14:33:12] "POST /inna HTTP/1.1" 200 -
2023-06-09 14:33:17,190 - INFO - 127.0.0.1 - - [09/Jun/2023 14:33:17] "POST /inna HTTP/1.1" 200 -
2023-06-09 14:33:49,506 - INFO - 127.0.0.1 - - [09/Jun/2023 14:33:49] "POST /inna HTTP/1.1" 200 -
2023-06-09 14:33:49,507 - INFO - 127.0.0.1 - - [09/Jun/2023 14:33:49] "POST /inna HTTP/1.1" 200 -
2023-06-09 14:34:14,032 - INFO - 127.0.0.1 - - [09/Jun/2023 14:34:14] "POST /inna HTTP/1.1" 200 -
2023-06-09 14:34:14,032 - INFO - 127.0.0.1 - - [09/Jun/2023 14:34:14] "POST /inna HTTP/1.1" 200 -
2023-06-09 14:34:48,770 - INFO - 127.0.0.1 - - [09/Jun/2023 14:34:48] "POST /inna HTTP/1.1" 200 -
2023-06-09 14:34:48,772 - INFO - 127.0.0.1 - - [09/Jun/2023 14:34:48] "POST /inna HTTP/1.1" 200 -
2023-06-09 14:34:48,772 - INFO - 127.0.0.1 - - [09/Jun/2023 14:34:48] "POST /inna HTTP/1.1" 200 -
2023-06-09 14:35:12,959 - INFO - 127.0.0.1 - - [09/Jun/2023 14:35:12] "POST /inna HTTP/1.1" 200 -
2023-06-09 14:35:48,209 - INFO - 127.0.0.1 - - [09/Jun/2023 14:35:48] "POST /inna HTTP/1.1" 200 -
2023-06-09 14:36:03,101 - INFO - 127.0.0.1 - - [09/Jun/2023 14:36:03] "POST /inna HTTP/1.1" 200 -
2023-06-09 14:36:03,101 - INFO - 127.0.0.1 - - [09/Jun/2023 14:36:03] "POST /inna HTTP/1.1" 200 -
2023-06-09 14:36:43,250 - INFO - 127.0.0.1 - - [09/Jun/2023 14:36:43] "POST /inna HTTP/1.1" 200 -
2023-06-09 14:36:43,250 - INFO - 127.0.0.1 - - [09/Jun/2023 14:36:43] "POST /inna HTTP/1.1" 200 -
2023-06-09 14:36:58,149 - INFO - 127.0.0.1 - - [09/Jun/2023 14:36:58] "POST /inna HTTP/1.1" 200 -
2023-06-09 14:39:48,051 - INFO - 127.0.0.1 - - [09/Jun/2023 14:39:48] "POST /inna HTTP/1.1" 200 -
2023-06-09 15:43:00,094 - INFO - 127.0.0.1 - - [09/Jun/2023 15:43:00] "POST /inna HTTP/1.1" 200 -
2023-06-10 10:39:46,173 - INFO - 127.0.0.1 - - [10/Jun/2023 10:39:46] "POST /inna HTTP/1.1" 200 -
2023-06-10 10:39:46,174 - INFO - 127.0.0.1 - - [10/Jun/2023 10:39:46] "POST /inna HTTP/1.1" 200 -
2023-06-10 10:40:43,920 - INFO - 127.0.0.1 - - [10/Jun/2023 10:40:43] "POST /inna HTTP/1.1" 200 -
2023-06-10 18:35:47,614 - INFO - 127.0.0.1 - - [10/Jun/2023 18:35:47] "POST /inna HTTP/1.1" 200 -
2023-06-12 13:53:48,139 - INFO - 127.0.0.1 - - [12/Jun/2023 13:53:48] "POST /inna HTTP/1.1" 200 -
2023-06-12 13:53:48,139 - INFO - 127.0.0.1 - - [12/Jun/2023 13:53:48] "POST /inna HTTP/1.1" 200 -
2023-06-12 13:55:01,570 - INFO - 127.0.0.1 - - [12/Jun/2023 13:55:01] "POST /inna HTTP/1.1" 200 -
2023-06-12 13:55:42,564 - INFO - 127.0.0.1 - - [12/Jun/2023 13:55:42] "POST /inna HTTP/1.1" 200 -
2023-06-12 13:55:42,564 - INFO - 127.0.0.1 - - [12/Jun/2023 13:55:42] "POST /inna HTTP/1.1" 200 -
2023-06-12 14:03:55,727 - INFO - 127.0.0.1 - - [12/Jun/2023 14:03:55] "POST /inna HTTP/1.1" 200 -
2023-06-12 14:03:55,727 - INFO - 127.0.0.1 - - [12/Jun/2023 14:03:55] "POST /inna HTTP/1.1" 200 -
2023-06-12 14:04:42,534 - INFO - 127.0.0.1 - - [12/Jun/2023 14:04:42] "POST /inna HTTP/1.1" 200 -
2023-06-12 14:04:42,534 - INFO - 127.0.0.1 - - [12/Jun/2023 14:04:42] "POST /inna HTTP/1.1" 200 -
2023-06-12 14:04:47,399 - INFO - 127.0.0.1 - - [12/Jun/2023 14:04:47] "POST /inna HTTP/1.1" 200 -
2023-06-12 14:05:37,682 - INFO - 127.0.0.1 - - [12/Jun/2023 14:05:37] "POST /inna HTTP/1.1" 200 -
2023-06-12 14:07:22,672 - INFO - 127.0.0.1 - - [12/Jun/2023 14:07:22] "POST /inna HTTP/1.1" 200 -
2023-06-12 14:07:22,672 - INFO - 127.0.0.1 - - [12/Jun/2023 14:07:22] "POST /inna HTTP/1.1" 200 -
2023-06-12 14:08:08,101 - INFO - 127.0.0.1 - - [12/Jun/2023 14:08:08] "POST /inna HTTP/1.1" 200 -
2023-06-12 14:08:08,102 - INFO - 127.0.0.1 - - [12/Jun/2023 14:08:08] "POST /inna HTTP/1.1" 200 -
2023-06-12 14:08:18,540 - INFO - 127.0.0.1 - - [12/Jun/2023 14:08:18] "POST /inna HTTP/1.1" 200 -
2023-06-12 14:09:12,034 - INFO - 127.0.0.1 - - [12/Jun/2023 14:09:12] "POST /inna HTTP/1.1" 200 -
2023-06-12 14:09:12,034 - INFO - 127.0.0.1 - - [12/Jun/2023 14:09:12] "POST /inna HTTP/1.1" 200 -
2023-06-12 14:09:12,034 - INFO - 127.0.0.1 - - [12/Jun/2023 14:09:12] "POST /inna HTTP/1.1" 200 -
2023-06-12 14:10:13,628 - INFO - 127.0.0.1 - - [12/Jun/2023 14:10:13] "POST /inna HTTP/1.1" 200 -
2023-06-12 14:42:46,107 - INFO - 127.0.0.1 - - [12/Jun/2023 14:42:46] "POST /inna HTTP/1.1" 200 -
2023-06-12 14:42:46,107 - INFO - 127.0.0.1 - - [12/Jun/2023 14:42:46] "POST /inna HTTP/1.1" 200 -
2023-06-12 14:43:42,424 - INFO - 127.0.0.1 - - [12/Jun/2023 14:43:42] "POST /inna HTTP/1.1" 200 -
2023-06-12 15:12:12,837 - INFO - 127.0.0.1 - - [12/Jun/2023 15:12:12] "POST /inna HTTP/1.1" 200 -
2023-06-12 15:12:12,837 - INFO - 127.0.0.1 - - [12/Jun/2023 15:12:12] "POST /inna HTTP/1.1" 200 -
2023-06-12 15:13:10,317 - INFO - 127.0.0.1 - - [12/Jun/2023 15:13:10] "POST /inna HTTP/1.1" 200 -
2023-06-12 15:15:53,236 - INFO - 127.0.0.1 - - [12/Jun/2023 15:15:53] "POST /inna HTTP/1.1" 200 -
2023-06-12 15:15:53,236 - INFO - 127.0.0.1 - - [12/Jun/2023 15:15:53] "POST /inna HTTP/1.1" 200 -
2023-06-12 15:16:36,777 - INFO - 127.0.0.1 - - [12/Jun/2023 15:16:36] "POST /inna HTTP/1.1" 200 -
2023-06-12 21:09:32,156 - INFO - 127.0.0.1 - - [12/Jun/2023 21:09:32] "POST /inna HTTP/1.1" 200 -
2023-06-12 21:09:32,156 - INFO - 127.0.0.1 - - [12/Jun/2023 21:09:32] "POST /inna HTTP/1.1" 200 -
2023-06-12 21:10:31,295 - INFO - 127.0.0.1 - - [12/Jun/2023 21:10:31] "POST /inna HTTP/1.1" 200 -
2023-06-13 06:10:54,508 - INFO - 127.0.0.1 - - [13/Jun/2023 06:10:54] "POST /inna HTTP/1.1" 200 -
2023-06-13 06:10:54,508 - INFO - 127.0.0.1 - - [13/Jun/2023 06:10:54] "POST /inna HTTP/1.1" 200 -
2023-06-13 06:11:13,062 - INFO - 127.0.0.1 - - [13/Jun/2023 06:11:13] "POST /inna HTTP/1.1" 200 -
2023-06-13 06:11:13,762 - INFO - 127.0.0.1 - - [13/Jun/2023 06:11:13] "POST /inna HTTP/1.1" 200 -
2023-06-13 06:11:35,481 - INFO - 127.0.0.1 - - [13/Jun/2023 06:11:35] "POST /inna HTTP/1.1" 200 -
2023-06-13 06:11:57,710 - INFO - 127.0.0.1 - - [13/Jun/2023 06:11:57] "POST /inna HTTP/1.1" 200 -
2023-06-13 06:11:57,710 - INFO - 127.0.0.1 - - [13/Jun/2023 06:11:57] "POST /inna HTTP/1.1" 200 -
2023-06-13 06:12:35,939 - INFO - 127.0.0.1 - - [13/Jun/2023 06:12:35] "POST /inna HTTP/1.1" 200 -
2023-06-13 06:12:35,939 - INFO - 127.0.0.1 - - [13/Jun/2023 06:12:35] "POST /inna HTTP/1.1" 200 -
2023-06-13 06:12:57,238 - INFO - 127.0.0.1 - - [13/Jun/2023 06:12:57] "POST /inna HTTP/1.1" 200 -
2023-06-13 06:13:34,173 - INFO - 127.0.0.1 - - [13/Jun/2023 06:13:34] "POST /inna HTTP/1.1" 200 -
2023-06-13 06:18:32,157 - INFO - 127.0.0.1 - - [13/Jun/2023 06:18:32] "POST /inna HTTP/1.1" 200 -
2023-06-13 06:18:32,157 - INFO - 127.0.0.1 - - [13/Jun/2023 06:18:32] "POST /inna HTTP/1.1" 200 -
2023-06-13 06:19:32,169 - INFO - 127.0.0.1 - - [13/Jun/2023 06:19:32] "POST /inna HTTP/1.1" 200 -
2023-06-13 06:21:10,146 - INFO - 127.0.0.1 - - [13/Jun/2023 06:21:10] "POST /inna HTTP/1.1" 200 -
2023-06-13 06:21:10,146 - INFO - 127.0.0.1 - - [13/Jun/2023 06:21:10] "POST /inna HTTP/1.1" 200 -
2023-06-13 06:21:34,581 - INFO - 127.0.0.1 - - [13/Jun/2023 06:21:34] "POST /inna HTTP/1.1" 200 -
2023-06-13 06:21:57,614 - INFO - 127.0.0.1 - - [13/Jun/2023 06:21:57] "POST /inna HTTP/1.1" 200 -
2023-06-13 06:21:57,614 - INFO - 127.0.0.1 - - [13/Jun/2023 06:21:57] "POST /inna HTTP/1.1" 200 -
2023-06-13 06:24:18,182 - INFO - 127.0.0.1 - - [13/Jun/2023 06:24:18] "POST /inna HTTP/1.1" 200 -
2023-06-13 06:24:18,182 - INFO - 127.0.0.1 - - [13/Jun/2023 06:24:18] "POST /inna HTTP/1.1" 200 -
2023-06-13 06:24:46,331 - INFO - 127.0.0.1 - - [13/Jun/2023 06:24:46] "POST /inna HTTP/1.1" 200 -
2023-06-13 06:24:46,331 - INFO - 127.0.0.1 - - [13/Jun/2023 06:24:46] "POST /inna HTTP/1.1" 200 -
2023-06-13 06:25:16,212 - INFO - 127.0.0.1 - - [13/Jun/2023 06:25:16] "POST /inna HTTP/1.1" 200 -
2023-06-13 06:25:16,212 - INFO - 127.0.0.1 - - [13/Jun/2023 06:25:16] "POST /inna HTTP/1.1" 200 -
2023-06-13 06:25:17,126 - INFO - 127.0.0.1 - - [13/Jun/2023 06:25:17] "POST /inna HTTP/1.1" 200 -
2023-06-13 06:26:13,146 - INFO - 127.0.0.1 - - [13/Jun/2023 06:26:13] "POST /inna HTTP/1.1" 200 -
2023-06-13 06:27:46,212 - INFO - 127.0.0.1 - - [13/Jun/2023 06:27:46] "POST /inna HTTP/1.1" 200 -
2023-06-13 06:27:46,212 - INFO - 127.0.0.1 - - [13/Jun/2023 06:27:46] "POST /inna HTTP/1.1" 200 -
2023-06-13 06:28:42,155 - INFO - 127.0.0.1 - - [13/Jun/2023 06:28:42] "POST /inna HTTP/1.1" 200 -
2023-06-13 06:29:03,119 - INFO - 127.0.0.1 - - [13/Jun/2023 06:29:03] "POST /inna HTTP/1.1" 200 -
2023-06-13 06:29:03,119 - INFO - 127.0.0.1 - - [13/Jun/2023 06:29:03] "POST /inna HTTP/1.1" 200 -
2023-06-13 11:36:08,620 - INFO - 127.0.0.1 - - [13/Jun/2023 11:36:08] "POST /inna HTTP/1.1" 200 -
2023-06-13 11:36:08,620 - INFO - 127.0.0.1 - - [13/Jun/2023 11:36:08] "POST /inna HTTP/1.1" 200 -
2023-06-13 11:37:14,093 - INFO - 127.0.0.1 - - [13/Jun/2023 11:37:14] "POST /inna HTTP/1.1" 200 -
2023-06-13 11:37:14,093 - INFO - 127.0.0.1 - - [13/Jun/2023 11:37:14] "POST /inna HTTP/1.1" 200 -
2023-06-13 11:37:14,093 - INFO - 127.0.0.1 - - [13/Jun/2023 11:37:14] "POST /inna HTTP/1.1" 200 -
2023-06-13 11:37:40,250 - INFO - 127.0.0.1 - - [13/Jun/2023 11:37:40] "POST /inna HTTP/1.1" 200 -
2023-06-13 11:38:14,620 - INFO - 127.0.0.1 - - [13/Jun/2023 11:38:14] "POST /inna HTTP/1.1" 200 -
2023-06-13 11:42:13,984 - INFO - 127.0.0.1 - - [13/Jun/2023 11:42:13] "POST /inna HTTP/1.1" 200 -
2023-06-14 00:10:33,380 - INFO - 127.0.0.1 - - [14/Jun/2023 00:10:33] "POST /inna HTTP/1.1" 200 -
2023-06-14 00:10:33,380 - INFO - 127.0.0.1 - - [14/Jun/2023 00:10:33] "POST /inna HTTP/1.1" 200 -
2023-06-14 00:11:33,889 - INFO - 127.0.0.1 - - [14/Jun/2023 00:11:33] "POST /inna HTTP/1.1" 200 -
2023-06-14 00:28:07,845 - INFO - 127.0.0.1 - - [14/Jun/2023 00:28:07] "POST /inna HTTP/1.1" 200 -
2023-06-14 00:28:07,845 - INFO - 127.0.0.1 - - [14/Jun/2023 00:28:07] "POST /inna HTTP/1.1" 200 -
2023-06-14 00:57:20,998 - INFO - 127.0.0.1 - - [14/Jun/2023 00:57:20] "POST /inna HTTP/1.1" 200 -
2023-06-14 00:57:20,998 - INFO - 127.0.0.1 - - [14/Jun/2023 00:57:20] "POST /inna HTTP/1.1" 200 -
2023-06-14 00:58:18,983 - INFO - 127.0.0.1 - - [14/Jun/2023 00:58:18] "POST /inna HTTP/1.1" 200 -
2023-06-14 10:23:24,076 - INFO - [31m[1mWARNING: This is a development server. Do not use it in a production deployment. Use a production WSGI server instead.[0m
 * Running on http://127.0.0.1:3000
2023-06-14 10:23:24,077 - INFO - [33mPress CTRL+C to quit[0m
2023-06-14 10:23:31,427 - INFO - 127.0.0.1 - - [14/Jun/2023 10:23:31] "POST /inna HTTP/1.1" 200 -
2023-06-14 10:24:04,890 - INFO - [31m[1mWARNING: This is a development server. Do not use it in a production deployment. Use a production WSGI server instead.[0m
 * Running on http://127.0.0.1:3000
2023-06-14 10:24:04,890 - INFO - [33mPress CTRL+C to quit[0m
2023-06-14 20:48:02,098 - INFO - 127.0.0.1 - - [14/Jun/2023 20:48:02] "POST /inna HTTP/1.1" 200 -
2023-06-14 20:48:02,098 - INFO - 127.0.0.1 - - [14/Jun/2023 20:48:02] "POST /inna HTTP/1.1" 200 -
2023-06-14 20:48:35,543 - INFO - 127.0.0.1 - - [14/Jun/2023 20:48:35] "POST /inna HTTP/1.1" 200 -
2023-06-14 20:48:35,543 - INFO - 127.0.0.1 - - [14/Jun/2023 20:48:35] "POST /inna HTTP/1.1" 200 -
2023-06-14 20:49:09,779 - INFO - 127.0.0.1 - - [14/Jun/2023 20:49:09] "POST /inna HTTP/1.1" 200 -
2023-06-14 20:49:39,362 - INFO - 127.0.0.1 - - [14/Jun/2023 20:49:39] "POST /inna HTTP/1.1" 200 -
2023-06-14 20:49:39,362 - INFO - 127.0.0.1 - - [14/Jun/2023 20:49:39] "POST /inna HTTP/1.1" 200 -
2023-06-14 20:50:03,902 - INFO - 127.0.0.1 - - [14/Jun/2023 20:50:03] "POST /inna HTTP/1.1" 200 -
2023-06-14 20:50:03,903 - INFO - 127.0.0.1 - - [14/Jun/2023 20:50:03] "POST /inna HTTP/1.1" 200 -
2023-06-14 20:50:32,536 - INFO - 127.0.0.1 - - [14/Jun/2023 20:50:32] "POST /inna HTTP/1.1" 200 -
2023-06-14 20:50:32,536 - INFO - 127.0.0.1 - - [14/Jun/2023 20:50:32] "POST /inna HTTP/1.1" 200 -
2023-06-14 20:51:04,382 - INFO - 127.0.0.1 - - [14/Jun/2023 20:51:04] "POST /inna HTTP/1.1" 200 -
2023-06-14 20:51:04,383 - INFO - 127.0.0.1 - - [14/Jun/2023 20:51:04] "POST /inna HTTP/1.1" 200 -
2023-06-14 20:51:36,993 - INFO - 127.0.0.1 - - [14/Jun/2023 20:51:36] "POST /inna HTTP/1.1" 200 -
2023-06-14 20:51:36,994 - INFO - 127.0.0.1 - - [14/Jun/2023 20:51:36] "POST /inna HTTP/1.1" 200 -
2023-06-14 20:52:37,221 - ERROR - Exception on /inna [POST]
Traceback (most recent call last):
  File "C:\Users\mistx\PycharmProjects\SlackSender\venv\lib\site-packages\urllib3\connectionpool.py", line 790, in urlopen
    response = self._make_request(
  File "C:\Users\mistx\PycharmProjects\SlackSender\venv\lib\site-packages\urllib3\connectionpool.py", line 536, in _make_request
    response = conn.getresponse()
  File "C:\Users\mistx\PycharmProjects\SlackSender\venv\lib\site-packages\urllib3\connection.py", line 454, in getresponse
    httplib_response = super().getresponse()
  File "C:\Program Files\WindowsApps\PythonSoftwareFoundation.Python.3.10_3.10.3056.0_x64__qbz5n2kfra8p0\lib\http\client.py", line 1375, in getresponse
    response.begin()
  File "C:\Program Files\WindowsApps\PythonSoftwareFoundation.Python.3.10_3.10.3056.0_x64__qbz5n2kfra8p0\lib\http\client.py", line 318, in begin
    version, status, reason = self._read_status()
  File "C:\Program Files\WindowsApps\PythonSoftwareFoundation.Python.3.10_3.10.3056.0_x64__qbz5n2kfra8p0\lib\http\client.py", line 287, in _read_status
    raise RemoteDisconnected("Remote end closed connection without"
http.client.RemoteDisconnected: Remote end closed connection without response

During handling of the above exception, another exception occurred:

Traceback (most recent call last):
  File "C:\Users\mistx\PycharmProjects\SlackSender\venv\lib\site-packages\requests\adapters.py", line 486, in send
    resp = conn.urlopen(
  File "C:\Users\mistx\PycharmProjects\SlackSender\venv\lib\site-packages\urllib3\connectionpool.py", line 844, in urlopen
    retries = retries.increment(
  File "C:\Users\mistx\PycharmProjects\SlackSender\venv\lib\site-packages\urllib3\util\retry.py", line 470, in increment
    raise reraise(type(error), error, _stacktrace)
  File "C:\Users\mistx\PycharmProjects\SlackSender\venv\lib\site-packages\urllib3\util\util.py", line 38, in reraise
    raise value.with_traceback(tb)
  File "C:\Users\mistx\PycharmProjects\SlackSender\venv\lib\site-packages\urllib3\connectionpool.py", line 790, in urlopen
    response = self._make_request(
  File "C:\Users\mistx\PycharmProjects\SlackSender\venv\lib\site-packages\urllib3\connectionpool.py", line 536, in _make_request
    response = conn.getresponse()
  File "C:\Users\mistx\PycharmProjects\SlackSender\venv\lib\site-packages\urllib3\connection.py", line 454, in getresponse
    httplib_response = super().getresponse()
  File "C:\Program Files\WindowsApps\PythonSoftwareFoundation.Python.3.10_3.10.3056.0_x64__qbz5n2kfra8p0\lib\http\client.py", line 1375, in getresponse
    response.begin()
  File "C:\Program Files\WindowsApps\PythonSoftwareFoundation.Python.3.10_3.10.3056.0_x64__qbz5n2kfra8p0\lib\http\client.py", line 318, in begin
    version, status, reason = self._read_status()
  File "C:\Program Files\WindowsApps\PythonSoftwareFoundation.Python.3.10_3.10.3056.0_x64__qbz5n2kfra8p0\lib\http\client.py", line 287, in _read_status
    raise RemoteDisconnected("Remote end closed connection without"
urllib3.exceptions.ProtocolError: ('Connection aborted.', RemoteDisconnected('Remote end closed connection without response'))

During handling of the above exception, another exception occurred:

Traceback (most recent call last):
  File "C:\Users\mistx\PycharmProjects\SlackSender\venv\lib\site-packages\openai\api_requestor.py", line 520, in request_raw
    result = _thread_context.session.request(
  File "C:\Users\mistx\PycharmProjects\SlackSender\venv\lib\site-packages\requests\sessions.py", line 587, in request
    resp = self.send(prep, **send_kwargs)
  File "C:\Users\mistx\PycharmProjects\SlackSender\venv\lib\site-packages\requests\sessions.py", line 701, in send
    r = adapter.send(request, **kwargs)
  File "C:\Users\mistx\PycharmProjects\SlackSender\venv\lib\site-packages\requests\adapters.py", line 501, in send
    raise ConnectionError(err, request=request)
requests.exceptions.ConnectionError: ('Connection aborted.', RemoteDisconnected('Remote end closed connection without response'))

The above exception was the direct cause of the following exception:

Traceback (most recent call last):
  File "C:\Users\mistx\PycharmProjects\SlackSender\venv\lib\site-packages\flask\app.py", line 2190, in wsgi_app
    response = self.full_dispatch_request()
  File "C:\Users\mistx\PycharmProjects\SlackSender\venv\lib\site-packages\flask\app.py", line 1486, in full_dispatch_request
    rv = self.handle_user_exception(e)
  File "C:\Users\mistx\PycharmProjects\SlackSender\venv\lib\site-packages\flask\app.py", line 1484, in full_dispatch_request
    rv = self.dispatch_request()
  File "C:\Users\mistx\PycharmProjects\SlackSender\venv\lib\site-packages\flask\app.py", line 1469, in dispatch_request
    return self.ensure_sync(self.view_functions[rule.endpoint])(**view_args)
  File "C:\Users\mistx\PycharmProjects\SlackSender\innachat.py", line 183, in slack_events
    response_text = process_message(cleaned_text, data)
  File "C:\Users\mistx\PycharmProjects\SlackSender\innachat.py", line 155, in process_message
    response = chat_with_model(message)
  File "C:\Users\mistx\PycharmProjects\SlackSender\innachat.py", line 101, in chat_with_model
    response = openai.ChatCompletion.create(
  File "C:\Users\mistx\PycharmProjects\SlackSender\venv\lib\site-packages\openai\api_resources\chat_completion.py", line 25, in create
    return super().create(*args, **kwargs)
  File "C:\Users\mistx\PycharmProjects\SlackSender\venv\lib\site-packages\openai\api_resources\abstract\engine_api_resource.py", line 153, in create
    response, _, api_key = requestor.request(
  File "C:\Users\mistx\PycharmProjects\SlackSender\venv\lib\site-packages\openai\api_requestor.py", line 220, in request
    result = self.request_raw(
  File "C:\Users\mistx\PycharmProjects\SlackSender\venv\lib\site-packages\openai\api_requestor.py", line 533, in request_raw
    raise error.APIConnectionError(
openai.error.APIConnectionError: Error communicating with OpenAI: ('Connection aborted.', RemoteDisconnected('Remote end closed connection without response'))
2023-06-14 20:52:37,304 - WARNING - Retrying (Retry(total=1, connect=None, read=None, redirect=None, status=None)) after connection broken by 'NameResolutionError("<urllib3.connection.HTTPSConnection object at 0x0000016DE11FF610>: Failed to resolve 'api.openai.com' ([Errno 11004] getaddrinfo failed)")': /v1/chat/completions
2023-06-14 20:52:37,534 - INFO - 127.0.0.1 - - [14/Jun/2023 20:52:37] "[35m[1mPOST /inna HTTP/1.1[0m" 500 -
2023-06-14 20:52:45,980 - INFO - 127.0.0.1 - - [14/Jun/2023 20:52:45] "POST /inna HTTP/1.1" 200 -
2023-06-14 20:53:11,506 - INFO - 127.0.0.1 - - [14/Jun/2023 20:53:11] "POST /inna HTTP/1.1" 200 -
2023-06-14 20:53:38,119 - INFO - 127.0.0.1 - - [14/Jun/2023 20:53:38] "POST /inna HTTP/1.1" 200 -
2023-06-14 20:53:38,120 - INFO - 127.0.0.1 - - [14/Jun/2023 20:53:38] "POST /inna HTTP/1.1" 200 -
2023-06-14 20:54:12,089 - INFO - 127.0.0.1 - - [14/Jun/2023 20:54:12] "POST /inna HTTP/1.1" 200 -
2023-06-14 20:54:12,090 - INFO - 127.0.0.1 - - [14/Jun/2023 20:54:12] "POST /inna HTTP/1.1" 200 -
2023-06-14 20:55:27,226 - INFO - 127.0.0.1 - - [14/Jun/2023 20:55:27] "POST /inna HTTP/1.1" 200 -
2023-06-14 20:55:27,226 - INFO - 127.0.0.1 - - [14/Jun/2023 20:55:27] "POST /inna HTTP/1.1" 200 -
2023-06-14 20:55:38,030 - INFO - 127.0.0.1 - - [14/Jun/2023 20:55:38] "POST /inna HTTP/1.1" 200 -
2023-06-14 20:57:35,953 - INFO - 127.0.0.1 - - [14/Jun/2023 20:57:35] "POST /inna HTTP/1.1" 200 -
2023-06-14 21:00:23,019 - INFO - 127.0.0.1 - - [14/Jun/2023 21:00:23] "POST /inna HTTP/1.1" 200 -
2023-06-14 21:04:58,597 - INFO - 127.0.0.1 - - [14/Jun/2023 21:04:58] "POST /inna HTTP/1.1" 200 -
2023-06-14 21:04:58,598 - INFO - 127.0.0.1 - - [14/Jun/2023 21:04:58] "POST /inna HTTP/1.1" 200 -
2023-06-14 21:05:03,806 - INFO - 127.0.0.1 - - [14/Jun/2023 21:05:03] "POST /inna HTTP/1.1" 200 -
2023-06-14 21:05:03,807 - INFO - 127.0.0.1 - - [14/Jun/2023 21:05:03] "POST /inna HTTP/1.1" 200 -
2023-06-14 21:05:10,756 - INFO - 127.0.0.1 - - [14/Jun/2023 21:05:10] "POST /inna HTTP/1.1" 200 -
2023-06-14 21:05:10,757 - INFO - 127.0.0.1 - - [14/Jun/2023 21:05:10] "POST /inna HTTP/1.1" 200 -
2023-06-14 21:05:16,478 - INFO - 127.0.0.1 - - [14/Jun/2023 21:05:16] "POST /inna HTTP/1.1" 200 -
2023-06-14 21:05:16,478 - INFO - 127.0.0.1 - - [14/Jun/2023 21:05:16] "POST /inna HTTP/1.1" 200 -
2023-06-14 21:05:23,036 - INFO - 127.0.0.1 - - [14/Jun/2023 21:05:23] "POST /inna HTTP/1.1" 200 -
2023-06-14 21:05:23,037 - INFO - 127.0.0.1 - - [14/Jun/2023 21:05:23] "POST /inna HTTP/1.1" 200 -
2023-06-14 21:05:29,572 - INFO - 127.0.0.1 - - [14/Jun/2023 21:05:29] "POST /inna HTTP/1.1" 200 -
2023-06-14 21:05:29,574 - INFO - 127.0.0.1 - - [14/Jun/2023 21:05:29] "POST /inna HTTP/1.1" 200 -
2023-06-14 21:05:37,835 - INFO - 127.0.0.1 - - [14/Jun/2023 21:05:37] "POST /inna HTTP/1.1" 200 -
2023-06-14 21:05:37,836 - INFO - 127.0.0.1 - - [14/Jun/2023 21:05:37] "POST /inna HTTP/1.1" 200 -
2023-06-14 21:05:45,150 - INFO - 127.0.0.1 - - [14/Jun/2023 21:05:45] "POST /inna HTTP/1.1" 200 -
2023-06-14 21:05:45,151 - INFO - 127.0.0.1 - - [14/Jun/2023 21:05:45] "POST /inna HTTP/1.1" 200 -
2023-06-14 21:05:49,933 - INFO - 127.0.0.1 - - [14/Jun/2023 21:05:49] "POST /inna HTTP/1.1" 200 -
2023-06-14 21:05:49,934 - INFO - 127.0.0.1 - - [14/Jun/2023 21:05:49] "POST /inna HTTP/1.1" 200 -
2023-06-14 21:05:53,790 - INFO - 127.0.0.1 - - [14/Jun/2023 21:05:53] "POST /inna HTTP/1.1" 200 -
2023-06-14 21:05:53,791 - INFO - 127.0.0.1 - - [14/Jun/2023 21:05:53] "POST /inna HTTP/1.1" 200 -
2023-06-14 21:05:58,691 - INFO - 127.0.0.1 - - [14/Jun/2023 21:05:58] "POST /inna HTTP/1.1" 200 -
2023-06-14 21:05:58,692 - INFO - 127.0.0.1 - - [14/Jun/2023 21:05:58] "POST /inna HTTP/1.1" 200 -
2023-06-14 21:06:05,832 - INFO - 127.0.0.1 - - [14/Jun/2023 21:06:05] "POST /inna HTTP/1.1" 200 -
2023-06-14 21:06:05,832 - INFO - 127.0.0.1 - - [14/Jun/2023 21:06:05] "POST /inna HTTP/1.1" 200 -
2023-06-14 21:06:14,179 - INFO - 127.0.0.1 - - [14/Jun/2023 21:06:14] "POST /inna HTTP/1.1" 200 -
2023-06-14 21:06:14,180 - INFO - 127.0.0.1 - - [14/Jun/2023 21:06:14] "POST /inna HTTP/1.1" 200 -
2023-06-14 21:06:19,960 - INFO - 127.0.0.1 - - [14/Jun/2023 21:06:19] "POST /inna HTTP/1.1" 200 -
2023-06-14 21:06:19,961 - INFO - 127.0.0.1 - - [14/Jun/2023 21:06:19] "POST /inna HTTP/1.1" 200 -
2023-06-14 21:06:19,962 - INFO - 127.0.0.1 - - [14/Jun/2023 21:06:19] "POST /inna HTTP/1.1" 200 -
2023-06-14 21:06:26,116 - INFO - 127.0.0.1 - - [14/Jun/2023 21:06:26] "POST /inna HTTP/1.1" 200 -
2023-06-14 21:06:26,117 - INFO - 127.0.0.1 - - [14/Jun/2023 21:06:26] "POST /inna HTTP/1.1" 200 -
2023-06-14 21:06:26,118 - INFO - 127.0.0.1 - - [14/Jun/2023 21:06:26] "POST /inna HTTP/1.1" 200 -
2023-06-14 21:06:31,876 - INFO - 127.0.0.1 - - [14/Jun/2023 21:06:31] "POST /inna HTTP/1.1" 200 -
2023-06-14 21:06:31,877 - INFO - 127.0.0.1 - - [14/Jun/2023 21:06:31] "POST /inna HTTP/1.1" 200 -
2023-06-14 21:06:31,878 - INFO - 127.0.0.1 - - [14/Jun/2023 21:06:31] "POST /inna HTTP/1.1" 200 -
2023-06-14 21:06:38,805 - INFO - 127.0.0.1 - - [14/Jun/2023 21:06:38] "POST /inna HTTP/1.1" 200 -
2023-06-14 21:06:40,767 - INFO - 127.0.0.1 - - [14/Jun/2023 21:06:40] "POST /inna HTTP/1.1" 200 -
2023-06-14 21:06:40,768 - INFO - 127.0.0.1 - - [14/Jun/2023 21:06:40] "POST /inna HTTP/1.1" 200 -
2023-06-14 21:06:40,769 - INFO - 127.0.0.1 - - [14/Jun/2023 21:06:40] "POST /inna HTTP/1.1" 200 -
2023-06-14 21:06:40,776 - INFO - 127.0.0.1 - - [14/Jun/2023 21:06:40] "POST /inna HTTP/1.1" 200 -
2023-06-14 21:06:44,891 - INFO - 127.0.0.1 - - [14/Jun/2023 21:06:44] "POST /inna HTTP/1.1" 200 -
2023-06-14 21:06:49,233 - INFO - 127.0.0.1 - - [14/Jun/2023 21:06:49] "POST /inna HTTP/1.1" 200 -
2023-06-14 21:06:49,234 - INFO - 127.0.0.1 - - [14/Jun/2023 21:06:49] "POST /inna HTTP/1.1" 200 -
2023-06-14 21:06:49,235 - INFO - 127.0.0.1 - - [14/Jun/2023 21:06:49] "POST /inna HTTP/1.1" 200 -
2023-06-14 21:06:49,237 - INFO - 127.0.0.1 - - [14/Jun/2023 21:06:49] "POST /inna HTTP/1.1" 200 -
2023-06-14 21:06:52,619 - INFO - 127.0.0.1 - - [14/Jun/2023 21:06:52] "POST /inna HTTP/1.1" 200 -
2023-06-14 21:06:52,619 - INFO - 127.0.0.1 - - [14/Jun/2023 21:06:52] "POST /inna HTTP/1.1" 200 -
2023-06-14 21:06:56,992 - INFO - 127.0.0.1 - - [14/Jun/2023 21:06:56] "POST /inna HTTP/1.1" 200 -
2023-06-14 21:06:56,992 - INFO - 127.0.0.1 - - [14/Jun/2023 21:06:56] "POST /inna HTTP/1.1" 200 -
2023-06-14 21:07:05,085 - INFO - 127.0.0.1 - - [14/Jun/2023 21:07:05] "POST /inna HTTP/1.1" 200 -
2023-06-14 21:07:05,085 - INFO - 127.0.0.1 - - [14/Jun/2023 21:07:05] "POST /inna HTTP/1.1" 200 -
2023-06-14 21:07:11,001 - INFO - 127.0.0.1 - - [14/Jun/2023 21:07:11] "POST /inna HTTP/1.1" 200 -
2023-06-14 21:07:11,002 - INFO - 127.0.0.1 - - [14/Jun/2023 21:07:11] "POST /inna HTTP/1.1" 200 -
2023-06-14 21:07:18,520 - INFO - 127.0.0.1 - - [14/Jun/2023 21:07:18] "POST /inna HTTP/1.1" 200 -
2023-06-14 21:07:18,520 - INFO - 127.0.0.1 - - [14/Jun/2023 21:07:18] "POST /inna HTTP/1.1" 200 -
2023-06-14 21:07:18,520 - INFO - 127.0.0.1 - - [14/Jun/2023 21:07:18] "POST /inna HTTP/1.1" 200 -
2023-06-14 21:07:22,931 - INFO - 127.0.0.1 - - [14/Jun/2023 21:07:22] "POST /inna HTTP/1.1" 200 -
2023-06-14 21:07:22,931 - INFO - 127.0.0.1 - - [14/Jun/2023 21:07:22] "POST /inna HTTP/1.1" 200 -
2023-06-14 21:07:22,932 - INFO - 127.0.0.1 - - [14/Jun/2023 21:07:22] "POST /inna HTTP/1.1" 200 -
2023-06-14 21:07:27,775 - INFO - 127.0.0.1 - - [14/Jun/2023 21:07:27] "POST /inna HTTP/1.1" 200 -
2023-06-14 21:07:27,775 - INFO - 127.0.0.1 - - [14/Jun/2023 21:07:27] "POST /inna HTTP/1.1" 200 -
2023-06-14 21:07:32,301 - INFO - 127.0.0.1 - - [14/Jun/2023 21:07:32] "POST /inna HTTP/1.1" 200 -
2023-06-14 21:07:32,301 - INFO - 127.0.0.1 - - [14/Jun/2023 21:07:32] "POST /inna HTTP/1.1" 200 -
2023-06-14 21:07:32,301 - INFO - 127.0.0.1 - - [14/Jun/2023 21:07:32] "POST /inna HTTP/1.1" 200 -
2023-06-14 21:07:37,459 - INFO - 127.0.0.1 - - [14/Jun/2023 21:07:37] "POST /inna HTTP/1.1" 200 -
2023-06-14 21:07:37,460 - INFO - 127.0.0.1 - - [14/Jun/2023 21:07:37] "POST /inna HTTP/1.1" 200 -
2023-06-14 21:07:41,630 - INFO - 127.0.0.1 - - [14/Jun/2023 21:07:41] "POST /inna HTTP/1.1" 200 -
2023-06-14 21:07:41,631 - INFO - 127.0.0.1 - - [14/Jun/2023 21:07:41] "POST /inna HTTP/1.1" 200 -
2023-06-14 21:07:47,304 - INFO - 127.0.0.1 - - [14/Jun/2023 21:07:47] "POST /inna HTTP/1.1" 200 -
2023-06-14 21:07:47,304 - INFO - 127.0.0.1 - - [14/Jun/2023 21:07:47] "POST /inna HTTP/1.1" 200 -
2023-06-14 21:07:47,304 - INFO - 127.0.0.1 - - [14/Jun/2023 21:07:47] "POST /inna HTTP/1.1" 200 -
2023-06-14 21:07:47,305 - INFO - 127.0.0.1 - - [14/Jun/2023 21:07:47] "POST /inna HTTP/1.1" 200 -
2023-06-14 21:07:51,860 - INFO - 127.0.0.1 - - [14/Jun/2023 21:07:51] "POST /inna HTTP/1.1" 200 -
2023-06-14 21:07:51,861 - INFO - 127.0.0.1 - - [14/Jun/2023 21:07:51] "POST /inna HTTP/1.1" 200 -
2023-06-14 21:07:51,861 - INFO - 127.0.0.1 - - [14/Jun/2023 21:07:51] "POST /inna HTTP/1.1" 200 -
2023-06-14 21:07:51,862 - INFO - 127.0.0.1 - - [14/Jun/2023 21:07:51] "POST /inna HTTP/1.1" 200 -
2023-06-14 21:07:59,322 - INFO - 127.0.0.1 - - [14/Jun/2023 21:07:59] "POST /inna HTTP/1.1" 200 -
2023-06-14 21:07:59,322 - INFO - 127.0.0.1 - - [14/Jun/2023 21:07:59] "POST /inna HTTP/1.1" 200 -
2023-06-14 21:07:59,323 - INFO - 127.0.0.1 - - [14/Jun/2023 21:07:59] "POST /inna HTTP/1.1" 200 -
2023-06-14 21:08:04,410 - INFO - 127.0.0.1 - - [14/Jun/2023 21:08:04] "POST /inna HTTP/1.1" 200 -
2023-06-14 21:08:04,410 - INFO - 127.0.0.1 - - [14/Jun/2023 21:08:04] "POST /inna HTTP/1.1" 200 -
2023-06-14 21:08:04,411 - INFO - 127.0.0.1 - - [14/Jun/2023 21:08:04] "POST /inna HTTP/1.1" 200 -
2023-06-14 21:08:11,555 - INFO - 127.0.0.1 - - [14/Jun/2023 21:08:11] "POST /inna HTTP/1.1" 200 -
2023-06-14 21:08:11,556 - INFO - 127.0.0.1 - - [14/Jun/2023 21:08:11] "POST /inna HTTP/1.1" 200 -
2023-06-14 21:08:17,761 - INFO - 127.0.0.1 - - [14/Jun/2023 21:08:17] "POST /inna HTTP/1.1" 200 -
2023-06-14 21:08:17,761 - INFO - 127.0.0.1 - - [14/Jun/2023 21:08:17] "POST /inna HTTP/1.1" 200 -
2023-06-14 21:08:17,761 - INFO - 127.0.0.1 - - [14/Jun/2023 21:08:17] "POST /inna HTTP/1.1" 200 -
2023-06-14 21:08:17,762 - INFO - 127.0.0.1 - - [14/Jun/2023 21:08:17] "POST /inna HTTP/1.1" 200 -
2023-06-14 21:08:22,076 - INFO - 127.0.0.1 - - [14/Jun/2023 21:08:22] "POST /inna HTTP/1.1" 200 -
2023-06-14 21:08:22,076 - INFO - 127.0.0.1 - - [14/Jun/2023 21:08:22] "POST /inna HTTP/1.1" 200 -
2023-06-14 21:08:22,076 - INFO - 127.0.0.1 - - [14/Jun/2023 21:08:22] "POST /inna HTTP/1.1" 200 -
2023-06-14 21:08:26,290 - INFO - 127.0.0.1 - - [14/Jun/2023 21:08:26] "POST /inna HTTP/1.1" 200 -
2023-06-14 21:08:26,290 - INFO - 127.0.0.1 - - [14/Jun/2023 21:08:26] "POST /inna HTTP/1.1" 200 -
2023-06-14 21:08:26,291 - INFO - 127.0.0.1 - - [14/Jun/2023 21:08:26] "POST /inna HTTP/1.1" 200 -
2023-06-14 21:08:31,768 - INFO - 127.0.0.1 - - [14/Jun/2023 21:08:31] "POST /inna HTTP/1.1" 200 -
2023-06-14 21:08:31,769 - INFO - 127.0.0.1 - - [14/Jun/2023 21:08:31] "POST /inna HTTP/1.1" 200 -
2023-06-14 21:08:31,769 - INFO - 127.0.0.1 - - [14/Jun/2023 21:08:31] "POST /inna HTTP/1.1" 200 -
2023-06-14 21:08:36,484 - INFO - 127.0.0.1 - - [14/Jun/2023 21:08:36] "POST /inna HTTP/1.1" 200 -
2023-06-14 21:08:36,485 - INFO - 127.0.0.1 - - [14/Jun/2023 21:08:36] "POST /inna HTTP/1.1" 200 -
2023-06-14 21:08:36,485 - INFO - 127.0.0.1 - - [14/Jun/2023 21:08:36] "POST /inna HTTP/1.1" 200 -
2023-06-14 21:08:43,108 - INFO - 127.0.0.1 - - [14/Jun/2023 21:08:43] "POST /inna HTTP/1.1" 200 -
2023-06-14 21:08:43,108 - INFO - 127.0.0.1 - - [14/Jun/2023 21:08:43] "POST /inna HTTP/1.1" 200 -
2023-06-14 21:08:43,109 - INFO - 127.0.0.1 - - [14/Jun/2023 21:08:43] "POST /inna HTTP/1.1" 200 -
2023-06-14 21:08:49,385 - INFO - 127.0.0.1 - - [14/Jun/2023 21:08:49] "POST /inna HTTP/1.1" 200 -
2023-06-14 21:08:49,385 - INFO - 127.0.0.1 - - [14/Jun/2023 21:08:49] "POST /inna HTTP/1.1" 200 -
2023-06-14 21:08:49,386 - INFO - 127.0.0.1 - - [14/Jun/2023 21:08:49] "POST /inna HTTP/1.1" 200 -
2023-06-14 21:08:56,054 - INFO - 127.0.0.1 - - [14/Jun/2023 21:08:56] "POST /inna HTTP/1.1" 200 -
2023-06-14 21:08:56,056 - INFO - 127.0.0.1 - - [14/Jun/2023 21:08:56] "POST /inna HTTP/1.1" 200 -
2023-06-14 21:08:56,056 - INFO - 127.0.0.1 - - [14/Jun/2023 21:08:56] "POST /inna HTTP/1.1" 200 -
2023-06-14 21:08:56,056 - INFO - 127.0.0.1 - - [14/Jun/2023 21:08:56] "POST /inna HTTP/1.1" 200 -
2023-06-14 21:09:03,412 - INFO - 127.0.0.1 - - [14/Jun/2023 21:09:03] "POST /inna HTTP/1.1" 200 -
2023-06-14 21:09:03,413 - INFO - 127.0.0.1 - - [14/Jun/2023 21:09:03] "POST /inna HTTP/1.1" 200 -
2023-06-14 21:09:03,413 - INFO - 127.0.0.1 - - [14/Jun/2023 21:09:03] "POST /inna HTTP/1.1" 200 -
2023-06-14 21:09:08,316 - INFO - 127.0.0.1 - - [14/Jun/2023 21:09:08] "POST /inna HTTP/1.1" 200 -
2023-06-14 21:09:08,316 - INFO - 127.0.0.1 - - [14/Jun/2023 21:09:08] "POST /inna HTTP/1.1" 200 -
2023-06-14 21:09:08,317 - INFO - 127.0.0.1 - - [14/Jun/2023 21:09:08] "POST /inna HTTP/1.1" 200 -
2023-06-14 21:09:12,847 - INFO - 127.0.0.1 - - [14/Jun/2023 21:09:12] "POST /inna HTTP/1.1" 200 -
2023-06-14 21:09:12,847 - INFO - 127.0.0.1 - - [14/Jun/2023 21:09:12] "POST /inna HTTP/1.1" 200 -
2023-06-14 21:09:16,944 - INFO - 127.0.0.1 - - [14/Jun/2023 21:09:16] "POST /inna HTTP/1.1" 200 -
2023-06-14 21:09:16,944 - INFO - 127.0.0.1 - - [14/Jun/2023 21:09:16] "POST /inna HTTP/1.1" 200 -
2023-06-14 21:09:16,945 - INFO - 127.0.0.1 - - [14/Jun/2023 21:09:16] "POST /inna HTTP/1.1" 200 -
2023-06-14 21:09:16,945 - INFO - 127.0.0.1 - - [14/Jun/2023 21:09:16] "POST /inna HTTP/1.1" 200 -
2023-06-14 21:09:22,168 - INFO - 127.0.0.1 - - [14/Jun/2023 21:09:22] "POST /inna HTTP/1.1" 200 -
2023-06-14 21:09:22,168 - INFO - 127.0.0.1 - - [14/Jun/2023 21:09:22] "POST /inna HTTP/1.1" 200 -
2023-06-14 21:09:26,198 - INFO - 127.0.0.1 - - [14/Jun/2023 21:09:26] "POST /inna HTTP/1.1" 200 -
2023-06-14 21:09:26,198 - INFO - 127.0.0.1 - - [14/Jun/2023 21:09:26] "POST /inna HTTP/1.1" 200 -
2023-06-14 21:09:26,199 - INFO - 127.0.0.1 - - [14/Jun/2023 21:09:26] "POST /inna HTTP/1.1" 200 -
2023-06-14 21:09:30,147 - INFO - 127.0.0.1 - - [14/Jun/2023 21:09:30] "POST /inna HTTP/1.1" 200 -
2023-06-14 21:09:30,147 - INFO - 127.0.0.1 - - [14/Jun/2023 21:09:30] "POST /inna HTTP/1.1" 200 -
2023-06-14 21:09:30,147 - INFO - 127.0.0.1 - - [14/Jun/2023 21:09:30] "POST /inna HTTP/1.1" 200 -
2023-06-14 21:09:35,423 - INFO - 127.0.0.1 - - [14/Jun/2023 21:09:35] "POST /inna HTTP/1.1" 200 -
2023-06-14 21:09:35,423 - INFO - 127.0.0.1 - - [14/Jun/2023 21:09:35] "POST /inna HTTP/1.1" 200 -
2023-06-14 21:09:35,424 - INFO - 127.0.0.1 - - [14/Jun/2023 21:09:35] "POST /inna HTTP/1.1" 200 -
2023-06-14 21:09:39,625 - INFO - 127.0.0.1 - - [14/Jun/2023 21:09:39] "POST /inna HTTP/1.1" 200 -
2023-06-14 21:09:39,625 - INFO - 127.0.0.1 - - [14/Jun/2023 21:09:39] "POST /inna HTTP/1.1" 200 -
2023-06-14 21:09:39,626 - INFO - 127.0.0.1 - - [14/Jun/2023 21:09:39] "POST /inna HTTP/1.1" 200 -
2023-06-14 21:09:44,590 - INFO - 127.0.0.1 - - [14/Jun/2023 21:09:44] "POST /inna HTTP/1.1" 200 -
2023-06-14 21:09:44,591 - INFO - 127.0.0.1 - - [14/Jun/2023 21:09:44] "POST /inna HTTP/1.1" 200 -
2023-06-14 21:09:44,592 - INFO - 127.0.0.1 - - [14/Jun/2023 21:09:44] "POST /inna HTTP/1.1" 200 -
2023-06-14 21:09:51,292 - INFO - 127.0.0.1 - - [14/Jun/2023 21:09:51] "POST /inna HTTP/1.1" 200 -
2023-06-14 21:09:51,293 - INFO - 127.0.0.1 - - [14/Jun/2023 21:09:51] "POST /inna HTTP/1.1" 200 -
2023-06-14 21:09:51,293 - INFO - 127.0.0.1 - - [14/Jun/2023 21:09:51] "POST /inna HTTP/1.1" 200 -
2023-06-14 21:09:55,801 - INFO - 127.0.0.1 - - [14/Jun/2023 21:09:55] "POST /inna HTTP/1.1" 200 -
2023-06-14 21:09:55,802 - INFO - 127.0.0.1 - - [14/Jun/2023 21:09:55] "POST /inna HTTP/1.1" 200 -
2023-06-14 21:09:55,802 - INFO - 127.0.0.1 - - [14/Jun/2023 21:09:55] "POST /inna HTTP/1.1" 200 -
2023-06-14 21:10:01,742 - INFO - 127.0.0.1 - - [14/Jun/2023 21:10:01] "POST /inna HTTP/1.1" 200 -
2023-06-14 21:10:01,743 - INFO - 127.0.0.1 - - [14/Jun/2023 21:10:01] "POST /inna HTTP/1.1" 200 -
2023-06-14 21:10:01,743 - INFO - 127.0.0.1 - - [14/Jun/2023 21:10:01] "POST /inna HTTP/1.1" 200 -
2023-06-14 21:10:08,339 - INFO - 127.0.0.1 - - [14/Jun/2023 21:10:08] "POST /inna HTTP/1.1" 200 -
2023-06-14 21:10:08,340 - INFO - 127.0.0.1 - - [14/Jun/2023 21:10:08] "POST /inna HTTP/1.1" 200 -
2023-06-14 21:10:19,534 - INFO - 127.0.0.1 - - [14/Jun/2023 21:10:19] "POST /inna HTTP/1.1" 200 -
2023-06-14 21:10:19,534 - INFO - 127.0.0.1 - - [14/Jun/2023 21:10:19] "POST /inna HTTP/1.1" 200 -
2023-06-14 21:10:28,209 - INFO - 127.0.0.1 - - [14/Jun/2023 21:10:28] "POST /inna HTTP/1.1" 200 -
2023-06-14 21:10:28,210 - INFO - 127.0.0.1 - - [14/Jun/2023 21:10:28] "POST /inna HTTP/1.1" 200 -
2023-06-14 21:10:28,210 - INFO - 127.0.0.1 - - [14/Jun/2023 21:10:28] "POST /inna HTTP/1.1" 200 -
2023-06-14 21:10:28,212 - INFO - 127.0.0.1 - - [14/Jun/2023 21:10:28] "POST /inna HTTP/1.1" 200 -
2023-06-14 21:10:28,215 - INFO - 127.0.0.1 - - [14/Jun/2023 21:10:28] "POST /inna HTTP/1.1" 200 -
2023-06-14 21:10:28,215 - INFO - 127.0.0.1 - - [14/Jun/2023 21:10:28] "POST /inna HTTP/1.1" 200 -
2023-06-14 21:10:34,211 - INFO - 127.0.0.1 - - [14/Jun/2023 21:10:34] "POST /inna HTTP/1.1" 200 -
2023-06-14 21:10:34,211 - INFO - 127.0.0.1 - - [14/Jun/2023 21:10:34] "POST /inna HTTP/1.1" 200 -
2023-06-14 21:10:34,211 - INFO - 127.0.0.1 - - [14/Jun/2023 21:10:34] "POST /inna HTTP/1.1" 200 -
2023-06-14 21:10:34,212 - INFO - 127.0.0.1 - - [14/Jun/2023 21:10:34] "POST /inna HTTP/1.1" 200 -
2023-06-14 21:10:41,047 - INFO - 127.0.0.1 - - [14/Jun/2023 21:10:41] "POST /inna HTTP/1.1" 200 -
2023-06-14 21:10:41,049 - INFO - 127.0.0.1 - - [14/Jun/2023 21:10:41] "POST /inna HTTP/1.1" 200 -
2023-06-14 21:10:41,049 - INFO - 127.0.0.1 - - [14/Jun/2023 21:10:41] "POST /inna HTTP/1.1" 200 -
2023-06-14 21:10:46,228 - INFO - 127.0.0.1 - - [14/Jun/2023 21:10:46] "POST /inna HTTP/1.1" 200 -
2023-06-14 21:10:46,229 - INFO - 127.0.0.1 - - [14/Jun/2023 21:10:46] "POST /inna HTTP/1.1" 200 -
2023-06-14 21:10:46,229 - INFO - 127.0.0.1 - - [14/Jun/2023 21:10:46] "POST /inna HTTP/1.1" 200 -
2023-06-14 21:10:51,328 - INFO - 127.0.0.1 - - [14/Jun/2023 21:10:51] "POST /inna HTTP/1.1" 200 -
2023-06-14 21:10:51,328 - INFO - 127.0.0.1 - - [14/Jun/2023 21:10:51] "POST /inna HTTP/1.1" 200 -
2023-06-14 21:10:51,329 - INFO - 127.0.0.1 - - [14/Jun/2023 21:10:51] "POST /inna HTTP/1.1" 200 -
2023-06-14 21:10:51,329 - INFO - 127.0.0.1 - - [14/Jun/2023 21:10:51] "POST /inna HTTP/1.1" 200 -
2023-06-14 21:10:58,293 - INFO - 127.0.0.1 - - [14/Jun/2023 21:10:58] "POST /inna HTTP/1.1" 200 -
2023-06-14 21:10:58,293 - INFO - 127.0.0.1 - - [14/Jun/2023 21:10:58] "POST /inna HTTP/1.1" 200 -
2023-06-14 21:10:58,294 - INFO - 127.0.0.1 - - [14/Jun/2023 21:10:58] "POST /inna HTTP/1.1" 200 -
2023-06-14 21:11:11,259 - INFO - 127.0.0.1 - - [14/Jun/2023 21:11:11] "POST /inna HTTP/1.1" 200 -
2023-06-14 21:11:11,260 - INFO - 127.0.0.1 - - [14/Jun/2023 21:11:11] "POST /inna HTTP/1.1" 200 -
2023-06-14 21:11:11,260 - INFO - 127.0.0.1 - - [14/Jun/2023 21:11:11] "POST /inna HTTP/1.1" 200 -
2023-06-14 21:11:15,685 - INFO - 127.0.0.1 - - [14/Jun/2023 21:11:15] "POST /inna HTTP/1.1" 200 -
2023-06-14 21:11:15,686 - INFO - 127.0.0.1 - - [14/Jun/2023 21:11:15] "POST /inna HTTP/1.1" 200 -
2023-06-14 21:11:15,686 - INFO - 127.0.0.1 - - [14/Jun/2023 21:11:15] "POST /inna HTTP/1.1" 200 -
2023-06-14 21:11:15,687 - INFO - 127.0.0.1 - - [14/Jun/2023 21:11:15] "POST /inna HTTP/1.1" 200 -
2023-06-14 21:11:21,423 - INFO - 127.0.0.1 - - [14/Jun/2023 21:11:21] "POST /inna HTTP/1.1" 200 -
2023-06-14 21:11:21,423 - INFO - 127.0.0.1 - - [14/Jun/2023 21:11:21] "POST /inna HTTP/1.1" 200 -
2023-06-14 21:11:21,424 - INFO - 127.0.0.1 - - [14/Jun/2023 21:11:21] "POST /inna HTTP/1.1" 200 -
2023-06-14 21:11:24,654 - INFO - 127.0.0.1 - - [14/Jun/2023 21:11:24] "POST /inna HTTP/1.1" 200 -
2023-06-14 21:11:24,655 - INFO - 127.0.0.1 - - [14/Jun/2023 21:11:24] "POST /inna HTTP/1.1" 200 -
2023-06-14 21:11:24,655 - INFO - 127.0.0.1 - - [14/Jun/2023 21:11:24] "POST /inna HTTP/1.1" 200 -
2023-06-14 21:11:30,044 - INFO - 127.0.0.1 - - [14/Jun/2023 21:11:30] "POST /inna HTTP/1.1" 200 -
2023-06-14 21:11:30,044 - INFO - 127.0.0.1 - - [14/Jun/2023 21:11:30] "POST /inna HTTP/1.1" 200 -
2023-06-14 21:11:38,328 - INFO - 127.0.0.1 - - [14/Jun/2023 21:11:38] "POST /inna HTTP/1.1" 200 -
2023-06-14 21:11:38,328 - INFO - 127.0.0.1 - - [14/Jun/2023 21:11:38] "POST /inna HTTP/1.1" 200 -
2023-06-14 21:11:38,331 - INFO - 127.0.0.1 - - [14/Jun/2023 21:11:38] "POST /inna HTTP/1.1" 200 -
2023-06-14 21:11:38,332 - INFO - 127.0.0.1 - - [14/Jun/2023 21:11:38] "POST /inna HTTP/1.1" 200 -
2023-06-14 21:11:42,284 - INFO - 127.0.0.1 - - [14/Jun/2023 21:11:42] "POST /inna HTTP/1.1" 200 -
2023-06-14 21:11:42,284 - INFO - 127.0.0.1 - - [14/Jun/2023 21:11:42] "POST /inna HTTP/1.1" 200 -
2023-06-14 21:11:42,285 - INFO - 127.0.0.1 - - [14/Jun/2023 21:11:42] "POST /inna HTTP/1.1" 200 -
2023-06-14 21:11:48,455 - INFO - 127.0.0.1 - - [14/Jun/2023 21:11:48] "POST /inna HTTP/1.1" 200 -
2023-06-14 21:11:48,456 - INFO - 127.0.0.1 - - [14/Jun/2023 21:11:48] "POST /inna HTTP/1.1" 200 -
2023-06-14 21:11:48,456 - INFO - 127.0.0.1 - - [14/Jun/2023 21:11:48] "POST /inna HTTP/1.1" 200 -
2023-06-14 21:11:48,457 - INFO - 127.0.0.1 - - [14/Jun/2023 21:11:48] "POST /inna HTTP/1.1" 200 -
2023-06-14 21:11:53,254 - INFO - 127.0.0.1 - - [14/Jun/2023 21:11:53] "POST /inna HTTP/1.1" 200 -
2023-06-14 21:11:53,255 - INFO - 127.0.0.1 - - [14/Jun/2023 21:11:53] "POST /inna HTTP/1.1" 200 -
2023-06-14 21:11:53,255 - INFO - 127.0.0.1 - - [14/Jun/2023 21:11:53] "POST /inna HTTP/1.1" 200 -
2023-06-14 21:11:53,256 - INFO - 127.0.0.1 - - [14/Jun/2023 21:11:53] "POST /inna HTTP/1.1" 200 -
2023-06-14 21:11:57,274 - INFO - 127.0.0.1 - - [14/Jun/2023 21:11:57] "POST /inna HTTP/1.1" 200 -
2023-06-14 21:12:03,042 - INFO - 127.0.0.1 - - [14/Jun/2023 21:12:03] "POST /inna HTTP/1.1" 200 -
2023-06-14 21:12:03,042 - INFO - 127.0.0.1 - - [14/Jun/2023 21:12:03] "POST /inna HTTP/1.1" 200 -
2023-06-14 21:12:03,043 - INFO - 127.0.0.1 - - [14/Jun/2023 21:12:03] "POST /inna HTTP/1.1" 200 -
2023-06-14 21:12:03,044 - INFO - 127.0.0.1 - - [14/Jun/2023 21:12:03] "POST /inna HTTP/1.1" 200 -
2023-06-14 21:12:12,542 - INFO - 127.0.0.1 - - [14/Jun/2023 21:12:12] "POST /inna HTTP/1.1" 200 -
2023-06-14 21:12:12,543 - INFO - 127.0.0.1 - - [14/Jun/2023 21:12:12] "POST /inna HTTP/1.1" 200 -
2023-06-14 21:12:12,543 - INFO - 127.0.0.1 - - [14/Jun/2023 21:12:12] "POST /inna HTTP/1.1" 200 -
2023-06-14 21:12:16,930 - INFO - 127.0.0.1 - - [14/Jun/2023 21:12:16] "POST /inna HTTP/1.1" 200 -
2023-06-14 21:12:16,931 - INFO - 127.0.0.1 - - [14/Jun/2023 21:12:16] "POST /inna HTTP/1.1" 200 -
2023-06-14 21:12:22,976 - INFO - 127.0.0.1 - - [14/Jun/2023 21:12:22] "POST /inna HTTP/1.1" 200 -
2023-06-14 21:12:22,976 - INFO - 127.0.0.1 - - [14/Jun/2023 21:12:22] "POST /inna HTTP/1.1" 200 -
2023-06-14 21:12:22,977 - INFO - 127.0.0.1 - - [14/Jun/2023 21:12:22] "POST /inna HTTP/1.1" 200 -
2023-06-14 21:12:28,003 - INFO - 127.0.0.1 - - [14/Jun/2023 21:12:28] "POST /inna HTTP/1.1" 200 -
2023-06-14 21:12:28,004 - INFO - 127.0.0.1 - - [14/Jun/2023 21:12:28] "POST /inna HTTP/1.1" 200 -
2023-06-14 21:12:28,004 - INFO - 127.0.0.1 - - [14/Jun/2023 21:12:28] "POST /inna HTTP/1.1" 200 -
2023-06-14 21:12:28,005 - INFO - 127.0.0.1 - - [14/Jun/2023 21:12:28] "POST /inna HTTP/1.1" 200 -
2023-06-14 21:12:31,703 - INFO - 127.0.0.1 - - [14/Jun/2023 21:12:31] "POST /inna HTTP/1.1" 200 -
2023-06-14 21:12:31,703 - INFO - 127.0.0.1 - - [14/Jun/2023 21:12:31] "POST /inna HTTP/1.1" 200 -
2023-06-14 21:12:31,704 - INFO - 127.0.0.1 - - [14/Jun/2023 21:12:31] "POST /inna HTTP/1.1" 200 -
2023-06-14 21:12:31,705 - INFO - 127.0.0.1 - - [14/Jun/2023 21:12:31] "POST /inna HTTP/1.1" 200 -
2023-06-14 21:12:39,023 - INFO - 127.0.0.1 - - [14/Jun/2023 21:12:39] "POST /inna HTTP/1.1" 200 -
2023-06-14 21:12:39,023 - INFO - 127.0.0.1 - - [14/Jun/2023 21:12:39] "POST /inna HTTP/1.1" 200 -
2023-06-14 21:12:44,463 - INFO - 127.0.0.1 - - [14/Jun/2023 21:12:44] "POST /inna HTTP/1.1" 200 -
2023-06-14 21:12:44,464 - INFO - 127.0.0.1 - - [14/Jun/2023 21:12:44] "POST /inna HTTP/1.1" 200 -
2023-06-14 21:12:44,464 - INFO - 127.0.0.1 - - [14/Jun/2023 21:12:44] "POST /inna HTTP/1.1" 200 -
2023-06-14 21:12:44,466 - INFO - 127.0.0.1 - - [14/Jun/2023 21:12:44] "POST /inna HTTP/1.1" 200 -
2023-06-14 21:12:44,466 - INFO - 127.0.0.1 - - [14/Jun/2023 21:12:44] "POST /inna HTTP/1.1" 200 -
2023-06-14 21:12:51,827 - INFO - 127.0.0.1 - - [14/Jun/2023 21:12:51] "POST /inna HTTP/1.1" 200 -
2023-06-14 21:12:51,828 - INFO - 127.0.0.1 - - [14/Jun/2023 21:12:51] "POST /inna HTTP/1.1" 200 -
2023-06-14 21:12:51,828 - INFO - 127.0.0.1 - - [14/Jun/2023 21:12:51] "POST /inna HTTP/1.1" 200 -
2023-06-14 21:12:51,829 - INFO - 127.0.0.1 - - [14/Jun/2023 21:12:51] "POST /inna HTTP/1.1" 200 -
2023-06-14 21:12:51,831 - INFO - 127.0.0.1 - - [14/Jun/2023 21:12:51] "POST /inna HTTP/1.1" 200 -
2023-06-14 21:12:51,832 - INFO - 127.0.0.1 - - [14/Jun/2023 21:12:51] "POST /inna HTTP/1.1" 200 -
2023-06-14 21:12:51,834 - INFO - 127.0.0.1 - - [14/Jun/2023 21:12:51] "POST /inna HTTP/1.1" 200 -
2023-06-14 21:12:51,835 - INFO - 127.0.0.1 - - [14/Jun/2023 21:12:51] "POST /inna HTTP/1.1" 200 -
2023-06-14 21:12:51,835 - INFO - 127.0.0.1 - - [14/Jun/2023 21:12:51] "POST /inna HTTP/1.1" 200 -
2023-06-14 21:12:54,039 - INFO - 127.0.0.1 - - [14/Jun/2023 21:12:54] "POST /inna HTTP/1.1" 200 -
2023-06-14 21:12:54,925 - INFO - 127.0.0.1 - - [14/Jun/2023 21:12:54] "POST /inna HTTP/1.1" 200 -
2023-06-14 21:12:55,067 - INFO - 127.0.0.1 - - [14/Jun/2023 21:12:55] "POST /inna HTTP/1.1" 200 -
2023-06-14 21:13:09,714 - INFO - 127.0.0.1 - - [14/Jun/2023 21:13:09] "POST /inna HTTP/1.1" 200 -
2023-06-14 21:13:09,853 - INFO - 127.0.0.1 - - [14/Jun/2023 21:13:09] "POST /inna HTTP/1.1" 200 -
2023-06-14 21:13:10,304 - INFO - 127.0.0.1 - - [14/Jun/2023 21:13:10] "POST /inna HTTP/1.1" 200 -
2023-06-14 21:13:11,400 - INFO - 127.0.0.1 - - [14/Jun/2023 21:13:11] "POST /inna HTTP/1.1" 200 -
2023-06-14 21:13:12,916 - INFO - 127.0.0.1 - - [14/Jun/2023 21:13:12] "POST /inna HTTP/1.1" 200 -
2023-06-14 21:13:13,010 - INFO - 127.0.0.1 - - [14/Jun/2023 21:13:13] "POST /inna HTTP/1.1" 200 -
2023-06-14 21:13:16,001 - INFO - 127.0.0.1 - - [14/Jun/2023 21:13:16] "POST /inna HTTP/1.1" 200 -
2023-06-14 21:13:19,067 - INFO - 127.0.0.1 - - [14/Jun/2023 21:13:19] "POST /inna HTTP/1.1" 200 -
2023-06-14 21:13:21,971 - INFO - 127.0.0.1 - - [14/Jun/2023 21:13:21] "POST /inna HTTP/1.1" 200 -
2023-06-14 21:13:24,057 - INFO - 127.0.0.1 - - [14/Jun/2023 21:13:24] "POST /inna HTTP/1.1" 200 -
2023-06-14 21:13:27,927 - INFO - 127.0.0.1 - - [14/Jun/2023 21:13:27] "POST /inna HTTP/1.1" 200 -
2023-06-14 21:13:30,080 - INFO - 127.0.0.1 - - [14/Jun/2023 21:13:30] "POST /inna HTTP/1.1" 200 -
2023-06-14 21:13:32,922 - INFO - 127.0.0.1 - - [14/Jun/2023 21:13:32] "POST /inna HTTP/1.1" 200 -
2023-06-14 21:13:35,086 - INFO - 127.0.0.1 - - [14/Jun/2023 21:13:35] "POST /inna HTTP/1.1" 200 -
2023-06-14 21:13:36,949 - INFO - 127.0.0.1 - - [14/Jun/2023 21:13:36] "POST /inna HTTP/1.1" 200 -
2023-06-14 21:13:38,994 - INFO - 127.0.0.1 - - [14/Jun/2023 21:13:38] "POST /inna HTTP/1.1" 200 -
2023-06-14 21:13:41,905 - INFO - 127.0.0.1 - - [14/Jun/2023 21:13:41] "POST /inna HTTP/1.1" 200 -
2023-06-14 21:13:46,952 - INFO - 127.0.0.1 - - [14/Jun/2023 21:13:46] "POST /inna HTTP/1.1" 200 -
2023-06-14 21:13:50,910 - INFO - 127.0.0.1 - - [14/Jun/2023 21:13:50] "POST /inna HTTP/1.1" 200 -
2023-06-14 21:13:56,957 - INFO - 127.0.0.1 - - [14/Jun/2023 21:13:56] "POST /inna HTTP/1.1" 200 -
2023-06-14 21:14:10,329 - INFO - 127.0.0.1 - - [14/Jun/2023 21:14:10] "POST /inna HTTP/1.1" 200 -
2023-06-14 21:14:13,064 - INFO - 127.0.0.1 - - [14/Jun/2023 21:14:13] "POST /inna HTTP/1.1" 200 -
2023-06-14 21:14:15,047 - INFO - 127.0.0.1 - - [14/Jun/2023 21:14:15] "POST /inna HTTP/1.1" 200 -
2023-06-14 21:14:20,920 - INFO - 127.0.0.1 - - [14/Jun/2023 21:14:20] "POST /inna HTTP/1.1" 200 -
2023-06-14 21:14:26,960 - INFO - 127.0.0.1 - - [14/Jun/2023 21:14:26] "POST /inna HTTP/1.1" 200 -
2023-06-14 21:14:30,932 - INFO - 127.0.0.1 - - [14/Jun/2023 21:14:30] "POST /inna HTTP/1.1" 200 -
2023-06-14 21:14:35,984 - INFO - 127.0.0.1 - - [14/Jun/2023 21:14:35] "POST /inna HTTP/1.1" 200 -
2023-06-14 21:14:41,940 - INFO - 127.0.0.1 - - [14/Jun/2023 21:14:41] "POST /inna HTTP/1.1" 200 -
2023-06-14 21:14:46,948 - INFO - 127.0.0.1 - - [14/Jun/2023 21:14:46] "POST /inna HTTP/1.1" 200 -
2023-06-14 21:14:52,907 - INFO - 127.0.0.1 - - [14/Jun/2023 21:14:52] "POST /inna HTTP/1.1" 200 -
2023-06-14 21:15:14,754 - INFO - 127.0.0.1 - - [14/Jun/2023 21:15:14] "POST /inna HTTP/1.1" 200 -
2023-06-14 21:15:19,043 - INFO - 127.0.0.1 - - [14/Jun/2023 21:15:19] "POST /inna HTTP/1.1" 200 -
2023-06-14 21:15:19,307 - INFO - 127.0.0.1 - - [14/Jun/2023 21:15:19] "POST /inna HTTP/1.1" 200 -
2023-06-14 21:15:21,642 - INFO - 127.0.0.1 - - [14/Jun/2023 21:15:21] "POST /inna HTTP/1.1" 200 -
2023-06-14 21:15:21,942 - INFO - 127.0.0.1 - - [14/Jun/2023 21:15:21] "POST /inna HTTP/1.1" 200 -
2023-06-14 21:15:25,907 - INFO - 127.0.0.1 - - [14/Jun/2023 21:15:25] "POST /inna HTTP/1.1" 200 -
2023-06-14 21:15:31,923 - INFO - 127.0.0.1 - - [14/Jun/2023 21:15:31] "POST /inna HTTP/1.1" 200 -
2023-06-14 21:15:35,932 - INFO - 127.0.0.1 - - [14/Jun/2023 21:15:35] "POST /inna HTTP/1.1" 200 -
2023-06-14 21:15:41,028 - INFO - 127.0.0.1 - - [14/Jun/2023 21:15:41] "POST /inna HTTP/1.1" 200 -
2023-06-14 21:15:44,984 - INFO - 127.0.0.1 - - [14/Jun/2023 21:15:44] "POST /inna HTTP/1.1" 200 -
2023-06-14 21:15:48,933 - INFO - 127.0.0.1 - - [14/Jun/2023 21:15:48] "POST /inna HTTP/1.1" 200 -
2023-06-14 21:15:53,942 - INFO - 127.0.0.1 - - [14/Jun/2023 21:15:53] "POST /inna HTTP/1.1" 200 -
2023-06-14 21:16:10,831 - INFO - 127.0.0.1 - - [14/Jun/2023 21:16:10] "POST /inna HTTP/1.1" 200 -
2023-06-14 21:16:13,751 - INFO - 127.0.0.1 - - [14/Jun/2023 21:16:13] "POST /inna HTTP/1.1" 200 -
2023-06-14 21:16:15,571 - INFO - 127.0.0.1 - - [14/Jun/2023 21:16:15] "POST /inna HTTP/1.1" 200 -
2023-06-14 21:16:17,942 - INFO - 127.0.0.1 - - [14/Jun/2023 21:16:17] "POST /inna HTTP/1.1" 200 -
2023-06-14 21:16:28,919 - INFO - 127.0.0.1 - - [14/Jun/2023 21:16:28] "POST /inna HTTP/1.1" 200 -
2023-06-14 21:16:37,979 - INFO - 127.0.0.1 - - [14/Jun/2023 21:16:37] "POST /inna HTTP/1.1" 200 -
2023-06-14 21:16:43,968 - INFO - 127.0.0.1 - - [14/Jun/2023 21:16:43] "POST /inna HTTP/1.1" 200 -
2023-06-14 21:16:50,932 - INFO - 127.0.0.1 - - [14/Jun/2023 21:16:50] "POST /inna HTTP/1.1" 200 -
2023-06-14 21:16:55,919 - INFO - 127.0.0.1 - - [14/Jun/2023 21:16:55] "POST /inna HTTP/1.1" 200 -
2023-06-14 21:17:10,821 - INFO - 127.0.0.1 - - [14/Jun/2023 21:17:10] "POST /inna HTTP/1.1" 200 -
2023-06-14 21:17:16,932 - INFO - 127.0.0.1 - - [14/Jun/2023 21:17:16] "POST /inna HTTP/1.1" 200 -
2023-06-14 21:17:21,043 - INFO - 127.0.0.1 - - [14/Jun/2023 21:17:21] "POST /inna HTTP/1.1" 200 -
2023-06-14 21:17:26,029 - INFO - 127.0.0.1 - - [14/Jun/2023 21:17:26] "POST /inna HTTP/1.1" 200 -
2023-06-14 21:17:31,989 - INFO - 127.0.0.1 - - [14/Jun/2023 21:17:31] "POST /inna HTTP/1.1" 200 -
2023-06-14 21:17:34,921 - INFO - 127.0.0.1 - - [14/Jun/2023 21:17:34] "POST /inna HTTP/1.1" 200 -
2023-06-14 21:17:39,975 - INFO - 127.0.0.1 - - [14/Jun/2023 21:17:39] "POST /inna HTTP/1.1" 200 -
2023-06-14 21:17:47,897 - INFO - 127.0.0.1 - - [14/Jun/2023 21:17:47] "POST /inna HTTP/1.1" 200 -
2023-06-14 21:17:51,897 - INFO - 127.0.0.1 - - [14/Jun/2023 21:17:51] "POST /inna HTTP/1.1" 200 -
2023-06-15 15:58:27,599 - INFO - 127.0.0.1 - - [15/Jun/2023 15:58:27] "POST /inna HTTP/1.1" 200 -
2023-06-15 15:58:27,940 - INFO - 127.0.0.1 - - [15/Jun/2023 15:58:27] "POST /inna HTTP/1.1" 200 -
2023-06-15 16:41:15,795 - INFO - 127.0.0.1 - - [15/Jun/2023 16:41:15] "POST /inna HTTP/1.1" 200 -
2023-06-15 16:41:15,796 - INFO - 127.0.0.1 - - [15/Jun/2023 16:41:15] "POST /inna HTTP/1.1" 200 -
2023-06-15 16:41:42,453 - INFO - 127.0.0.1 - - [15/Jun/2023 16:41:42] "POST /inna HTTP/1.1" 200 -
2023-06-15 16:41:42,454 - INFO - 127.0.0.1 - - [15/Jun/2023 16:41:42] "POST /inna HTTP/1.1" 200 -
2023-06-15 16:42:14,841 - INFO - 127.0.0.1 - - [15/Jun/2023 16:42:14] "POST /inna HTTP/1.1" 200 -
2023-06-15 16:47:27,517 - INFO - 127.0.0.1 - - [15/Jun/2023 16:47:27] "POST /inna HTTP/1.1" 200 -
2023-06-15 16:47:27,518 - INFO - 127.0.0.1 - - [15/Jun/2023 16:47:27] "POST /inna HTTP/1.1" 200 -
2023-06-16 00:53:23,230 - INFO - [31m[1mWARNING: This is a development server. Do not use it in a production deployment. Use a production WSGI server instead.[0m
 * Running on http://127.0.0.1:3000
2023-06-16 00:53:23,230 - INFO - [33mPress CTRL+C to quit[0m
2023-06-16 01:06:04,196 - INFO - error_code=invalid_api_key error_message= error_param=None error_type=invalid_request_error message='OpenAI API error received' stream_error=False
2023-06-16 01:06:04,197 - ERROR - Exception on /inna [POST]
Traceback (most recent call last):
  File "C:\Users\mistx\PycharmProjects\SlackSender\venv\lib\site-packages\flask\app.py", line 2190, in wsgi_app
    response = self.full_dispatch_request()
  File "C:\Users\mistx\PycharmProjects\SlackSender\venv\lib\site-packages\flask\app.py", line 1486, in full_dispatch_request
    rv = self.handle_user_exception(e)
  File "C:\Users\mistx\PycharmProjects\SlackSender\venv\lib\site-packages\flask\app.py", line 1484, in full_dispatch_request
    rv = self.dispatch_request()
  File "C:\Users\mistx\PycharmProjects\SlackSender\venv\lib\site-packages\flask\app.py", line 1469, in dispatch_request
    return self.ensure_sync(self.view_functions[rule.endpoint])(**view_args)
  File "C:\Users\mistx\PycharmProjects\SlackSender\innachat.py", line 183, in slack_events
    response_text = process_message(cleaned_text, data)
  File "C:\Users\mistx\PycharmProjects\SlackSender\innachat.py", line 155, in process_message
    response = chat_with_model(message)
  File "C:\Users\mistx\PycharmProjects\SlackSender\innachat.py", line 101, in chat_with_model
    response = openai.ChatCompletion.create(
  File "C:\Users\mistx\PycharmProjects\SlackSender\venv\lib\site-packages\openai\api_resources\chat_completion.py", line 25, in create
    return super().create(*args, **kwargs)
  File "C:\Users\mistx\PycharmProjects\SlackSender\venv\lib\site-packages\openai\api_resources\abstract\engine_api_resource.py", line 153, in create
    response, _, api_key = requestor.request(
  File "C:\Users\mistx\PycharmProjects\SlackSender\venv\lib\site-packages\openai\api_requestor.py", line 230, in request
    resp, got_stream = self._interpret_response(result, stream)
  File "C:\Users\mistx\PycharmProjects\SlackSender\venv\lib\site-packages\openai\api_requestor.py", line 624, in _interpret_response
    self._interpret_response_line(
  File "C:\Users\mistx\PycharmProjects\SlackSender\venv\lib\site-packages\openai\api_requestor.py", line 687, in _interpret_response_line
    raise self.handle_error_response(
openai.error.AuthenticationError: <empty message>
2023-06-16 01:06:04,220 - INFO - 127.0.0.1 - - [16/Jun/2023 01:06:04] "[35m[1mPOST /inna HTTP/1.1[0m" 500 -
2023-06-16 01:06:05,446 - INFO - error_code=invalid_api_key error_message= error_param=None error_type=invalid_request_error message='OpenAI API error received' stream_error=False
2023-06-16 01:06:05,446 - ERROR - Exception on /inna [POST]
Traceback (most recent call last):
  File "C:\Users\mistx\PycharmProjects\SlackSender\venv\lib\site-packages\flask\app.py", line 2190, in wsgi_app
    response = self.full_dispatch_request()
  File "C:\Users\mistx\PycharmProjects\SlackSender\venv\lib\site-packages\flask\app.py", line 1486, in full_dispatch_request
    rv = self.handle_user_exception(e)
  File "C:\Users\mistx\PycharmProjects\SlackSender\venv\lib\site-packages\flask\app.py", line 1484, in full_dispatch_request
    rv = self.dispatch_request()
  File "C:\Users\mistx\PycharmProjects\SlackSender\venv\lib\site-packages\flask\app.py", line 1469, in dispatch_request
    return self.ensure_sync(self.view_functions[rule.endpoint])(**view_args)
  File "C:\Users\mistx\PycharmProjects\SlackSender\innachat.py", line 183, in slack_events
    response_text = process_message(cleaned_text, data)
  File "C:\Users\mistx\PycharmProjects\SlackSender\innachat.py", line 155, in process_message
    response = chat_with_model(message)
  File "C:\Users\mistx\PycharmProjects\SlackSender\innachat.py", line 101, in chat_with_model
    response = openai.ChatCompletion.create(
  File "C:\Users\mistx\PycharmProjects\SlackSender\venv\lib\site-packages\openai\api_resources\chat_completion.py", line 25, in create
    return super().create(*args, **kwargs)
  File "C:\Users\mistx\PycharmProjects\SlackSender\venv\lib\site-packages\openai\api_resources\abstract\engine_api_resource.py", line 153, in create
    response, _, api_key = requestor.request(
  File "C:\Users\mistx\PycharmProjects\SlackSender\venv\lib\site-packages\openai\api_requestor.py", line 230, in request
    resp, got_stream = self._interpret_response(result, stream)
  File "C:\Users\mistx\PycharmProjects\SlackSender\venv\lib\site-packages\openai\api_requestor.py", line 624, in _interpret_response
    self._interpret_response_line(
  File "C:\Users\mistx\PycharmProjects\SlackSender\venv\lib\site-packages\openai\api_requestor.py", line 687, in _interpret_response_line
    raise self.handle_error_response(
openai.error.AuthenticationError: <empty message>
2023-06-16 01:06:05,447 - INFO - 127.0.0.1 - - [16/Jun/2023 01:06:05] "[35m[1mPOST /inna HTTP/1.1[0m" 500 -
2023-06-16 01:07:13,751 - INFO - error_code=invalid_api_key error_message= error_param=None error_type=invalid_request_error message='OpenAI API error received' stream_error=False
2023-06-16 01:07:13,752 - ERROR - Exception on /inna [POST]
Traceback (most recent call last):
  File "C:\Users\mistx\PycharmProjects\SlackSender\venv\lib\site-packages\flask\app.py", line 2190, in wsgi_app
    response = self.full_dispatch_request()
  File "C:\Users\mistx\PycharmProjects\SlackSender\venv\lib\site-packages\flask\app.py", line 1486, in full_dispatch_request
    rv = self.handle_user_exception(e)
  File "C:\Users\mistx\PycharmProjects\SlackSender\venv\lib\site-packages\flask\app.py", line 1484, in full_dispatch_request
    rv = self.dispatch_request()
  File "C:\Users\mistx\PycharmProjects\SlackSender\venv\lib\site-packages\flask\app.py", line 1469, in dispatch_request
    return self.ensure_sync(self.view_functions[rule.endpoint])(**view_args)
  File "C:\Users\mistx\PycharmProjects\SlackSender\innachat.py", line 183, in slack_events
    response_text = process_message(cleaned_text, data)
  File "C:\Users\mistx\PycharmProjects\SlackSender\innachat.py", line 155, in process_message
    response = chat_with_model(message)
  File "C:\Users\mistx\PycharmProjects\SlackSender\innachat.py", line 101, in chat_with_model
    response = openai.ChatCompletion.create(
  File "C:\Users\mistx\PycharmProjects\SlackSender\venv\lib\site-packages\openai\api_resources\chat_completion.py", line 25, in create
    return super().create(*args, **kwargs)
  File "C:\Users\mistx\PycharmProjects\SlackSender\venv\lib\site-packages\openai\api_resources\abstract\engine_api_resource.py", line 153, in create
    response, _, api_key = requestor.request(
  File "C:\Users\mistx\PycharmProjects\SlackSender\venv\lib\site-packages\openai\api_requestor.py", line 230, in request
    resp, got_stream = self._interpret_response(result, stream)
  File "C:\Users\mistx\PycharmProjects\SlackSender\venv\lib\site-packages\openai\api_requestor.py", line 624, in _interpret_response
    self._interpret_response_line(
  File "C:\Users\mistx\PycharmProjects\SlackSender\venv\lib\site-packages\openai\api_requestor.py", line 687, in _interpret_response_line
    raise self.handle_error_response(
openai.error.AuthenticationError: <empty message>
2023-06-16 01:07:13,753 - INFO - 127.0.0.1 - - [16/Jun/2023 01:07:13] "[35m[1mPOST /inna HTTP/1.1[0m" 500 -
2023-06-16 01:12:14,800 - INFO - error_code=invalid_api_key error_message= error_param=None error_type=invalid_request_error message='OpenAI API error received' stream_error=False
2023-06-16 01:12:14,800 - ERROR - Exception on /inna [POST]
Traceback (most recent call last):
  File "C:\Users\mistx\PycharmProjects\SlackSender\venv\lib\site-packages\flask\app.py", line 2190, in wsgi_app
    response = self.full_dispatch_request()
  File "C:\Users\mistx\PycharmProjects\SlackSender\venv\lib\site-packages\flask\app.py", line 1486, in full_dispatch_request
    rv = self.handle_user_exception(e)
  File "C:\Users\mistx\PycharmProjects\SlackSender\venv\lib\site-packages\flask\app.py", line 1484, in full_dispatch_request
    rv = self.dispatch_request()
  File "C:\Users\mistx\PycharmProjects\SlackSender\venv\lib\site-packages\flask\app.py", line 1469, in dispatch_request
    return self.ensure_sync(self.view_functions[rule.endpoint])(**view_args)
  File "C:\Users\mistx\PycharmProjects\SlackSender\innachat.py", line 183, in slack_events
    response_text = process_message(cleaned_text, data)
  File "C:\Users\mistx\PycharmProjects\SlackSender\innachat.py", line 155, in process_message
    response = chat_with_model(message)
  File "C:\Users\mistx\PycharmProjects\SlackSender\innachat.py", line 101, in chat_with_model
    response = openai.ChatCompletion.create(
  File "C:\Users\mistx\PycharmProjects\SlackSender\venv\lib\site-packages\openai\api_resources\chat_completion.py", line 25, in create
    return super().create(*args, **kwargs)
  File "C:\Users\mistx\PycharmProjects\SlackSender\venv\lib\site-packages\openai\api_resources\abstract\engine_api_resource.py", line 153, in create
    response, _, api_key = requestor.request(
  File "C:\Users\mistx\PycharmProjects\SlackSender\venv\lib\site-packages\openai\api_requestor.py", line 230, in request
    resp, got_stream = self._interpret_response(result, stream)
  File "C:\Users\mistx\PycharmProjects\SlackSender\venv\lib\site-packages\openai\api_requestor.py", line 624, in _interpret_response
    self._interpret_response_line(
  File "C:\Users\mistx\PycharmProjects\SlackSender\venv\lib\site-packages\openai\api_requestor.py", line 687, in _interpret_response_line
    raise self.handle_error_response(
openai.error.AuthenticationError: <empty message>
2023-06-16 01:12:14,801 - INFO - 127.0.0.1 - - [16/Jun/2023 01:12:14] "[35m[1mPOST /inna HTTP/1.1[0m" 500 -
2023-06-16 10:31:29,020 - INFO - error_code=invalid_api_key error_message= error_param=None error_type=invalid_request_error message='OpenAI API error received' stream_error=False
2023-06-16 10:31:29,021 - ERROR - Exception on /inna [POST]
Traceback (most recent call last):
  File "C:\Users\mistx\PycharmProjects\SlackSender\venv\lib\site-packages\flask\app.py", line 2190, in wsgi_app
    response = self.full_dispatch_request()
  File "C:\Users\mistx\PycharmProjects\SlackSender\venv\lib\site-packages\flask\app.py", line 1486, in full_dispatch_request
    rv = self.handle_user_exception(e)
  File "C:\Users\mistx\PycharmProjects\SlackSender\venv\lib\site-packages\flask\app.py", line 1484, in full_dispatch_request
    rv = self.dispatch_request()
  File "C:\Users\mistx\PycharmProjects\SlackSender\venv\lib\site-packages\flask\app.py", line 1469, in dispatch_request
    return self.ensure_sync(self.view_functions[rule.endpoint])(**view_args)
  File "C:\Users\mistx\PycharmProjects\SlackSender\innachat.py", line 183, in slack_events
    response_text = process_message(cleaned_text, data)
  File "C:\Users\mistx\PycharmProjects\SlackSender\innachat.py", line 155, in process_message
    response = chat_with_model(message)
  File "C:\Users\mistx\PycharmProjects\SlackSender\innachat.py", line 101, in chat_with_model
    response = openai.ChatCompletion.create(
  File "C:\Users\mistx\PycharmProjects\SlackSender\venv\lib\site-packages\openai\api_resources\chat_completion.py", line 25, in create
    return super().create(*args, **kwargs)
  File "C:\Users\mistx\PycharmProjects\SlackSender\venv\lib\site-packages\openai\api_resources\abstract\engine_api_resource.py", line 153, in create
    response, _, api_key = requestor.request(
  File "C:\Users\mistx\PycharmProjects\SlackSender\venv\lib\site-packages\openai\api_requestor.py", line 230, in request
    resp, got_stream = self._interpret_response(result, stream)
  File "C:\Users\mistx\PycharmProjects\SlackSender\venv\lib\site-packages\openai\api_requestor.py", line 624, in _interpret_response
    self._interpret_response_line(
  File "C:\Users\mistx\PycharmProjects\SlackSender\venv\lib\site-packages\openai\api_requestor.py", line 687, in _interpret_response_line
    raise self.handle_error_response(
openai.error.AuthenticationError: <empty message>
2023-06-16 10:31:29,086 - INFO - 127.0.0.1 - - [16/Jun/2023 10:31:29] "[35m[1mPOST /inna HTTP/1.1[0m" 500 -
2023-06-16 10:31:29,775 - INFO - error_code=invalid_api_key error_message= error_param=None error_type=invalid_request_error message='OpenAI API error received' stream_error=False
2023-06-16 10:31:29,775 - ERROR - Exception on /inna [POST]
Traceback (most recent call last):
  File "C:\Users\mistx\PycharmProjects\SlackSender\venv\lib\site-packages\flask\app.py", line 2190, in wsgi_app
    response = self.full_dispatch_request()
  File "C:\Users\mistx\PycharmProjects\SlackSender\venv\lib\site-packages\flask\app.py", line 1486, in full_dispatch_request
    rv = self.handle_user_exception(e)
  File "C:\Users\mistx\PycharmProjects\SlackSender\venv\lib\site-packages\flask\app.py", line 1484, in full_dispatch_request
    rv = self.dispatch_request()
  File "C:\Users\mistx\PycharmProjects\SlackSender\venv\lib\site-packages\flask\app.py", line 1469, in dispatch_request
    return self.ensure_sync(self.view_functions[rule.endpoint])(**view_args)
  File "C:\Users\mistx\PycharmProjects\SlackSender\innachat.py", line 183, in slack_events
    response_text = process_message(cleaned_text, data)
  File "C:\Users\mistx\PycharmProjects\SlackSender\innachat.py", line 155, in process_message
    response = chat_with_model(message)
  File "C:\Users\mistx\PycharmProjects\SlackSender\innachat.py", line 101, in chat_with_model
    response = openai.ChatCompletion.create(
  File "C:\Users\mistx\PycharmProjects\SlackSender\venv\lib\site-packages\openai\api_resources\chat_completion.py", line 25, in create
    return super().create(*args, **kwargs)
  File "C:\Users\mistx\PycharmProjects\SlackSender\venv\lib\site-packages\openai\api_resources\abstract\engine_api_resource.py", line 153, in create
    response, _, api_key = requestor.request(
  File "C:\Users\mistx\PycharmProjects\SlackSender\venv\lib\site-packages\openai\api_requestor.py", line 230, in request
    resp, got_stream = self._interpret_response(result, stream)
  File "C:\Users\mistx\PycharmProjects\SlackSender\venv\lib\site-packages\openai\api_requestor.py", line 624, in _interpret_response
    self._interpret_response_line(
  File "C:\Users\mistx\PycharmProjects\SlackSender\venv\lib\site-packages\openai\api_requestor.py", line 687, in _interpret_response_line
    raise self.handle_error_response(
openai.error.AuthenticationError: <empty message>
2023-06-16 10:31:29,776 - INFO - 127.0.0.1 - - [16/Jun/2023 10:31:29] "[35m[1mPOST /inna HTTP/1.1[0m" 500 -
2023-06-16 10:32:31,180 - INFO - error_code=invalid_api_key error_message= error_param=None error_type=invalid_request_error message='OpenAI API error received' stream_error=False
2023-06-16 10:32:31,180 - ERROR - Exception on /inna [POST]
Traceback (most recent call last):
  File "C:\Users\mistx\PycharmProjects\SlackSender\venv\lib\site-packages\flask\app.py", line 2190, in wsgi_app
    response = self.full_dispatch_request()
  File "C:\Users\mistx\PycharmProjects\SlackSender\venv\lib\site-packages\flask\app.py", line 1486, in full_dispatch_request
    rv = self.handle_user_exception(e)
  File "C:\Users\mistx\PycharmProjects\SlackSender\venv\lib\site-packages\flask\app.py", line 1484, in full_dispatch_request
    rv = self.dispatch_request()
  File "C:\Users\mistx\PycharmProjects\SlackSender\venv\lib\site-packages\flask\app.py", line 1469, in dispatch_request
    return self.ensure_sync(self.view_functions[rule.endpoint])(**view_args)
  File "C:\Users\mistx\PycharmProjects\SlackSender\innachat.py", line 183, in slack_events
    response_text = process_message(cleaned_text, data)
  File "C:\Users\mistx\PycharmProjects\SlackSender\innachat.py", line 155, in process_message
    response = chat_with_model(message)
  File "C:\Users\mistx\PycharmProjects\SlackSender\innachat.py", line 101, in chat_with_model
    response = openai.ChatCompletion.create(
  File "C:\Users\mistx\PycharmProjects\SlackSender\venv\lib\site-packages\openai\api_resources\chat_completion.py", line 25, in create
    return super().create(*args, **kwargs)
  File "C:\Users\mistx\PycharmProjects\SlackSender\venv\lib\site-packages\openai\api_resources\abstract\engine_api_resource.py", line 153, in create
    response, _, api_key = requestor.request(
  File "C:\Users\mistx\PycharmProjects\SlackSender\venv\lib\site-packages\openai\api_requestor.py", line 230, in request
    resp, got_stream = self._interpret_response(result, stream)
  File "C:\Users\mistx\PycharmProjects\SlackSender\venv\lib\site-packages\openai\api_requestor.py", line 624, in _interpret_response
    self._interpret_response_line(
  File "C:\Users\mistx\PycharmProjects\SlackSender\venv\lib\site-packages\openai\api_requestor.py", line 687, in _interpret_response_line
    raise self.handle_error_response(
openai.error.AuthenticationError: <empty message>
2023-06-16 10:32:31,181 - INFO - 127.0.0.1 - - [16/Jun/2023 10:32:31] "[35m[1mPOST /inna HTTP/1.1[0m" 500 -
2023-06-16 10:37:32,181 - INFO - error_code=invalid_api_key error_message= error_param=None error_type=invalid_request_error message='OpenAI API error received' stream_error=False
2023-06-16 10:37:32,182 - ERROR - Exception on /inna [POST]
Traceback (most recent call last):
  File "C:\Users\mistx\PycharmProjects\SlackSender\venv\lib\site-packages\flask\app.py", line 2190, in wsgi_app
    response = self.full_dispatch_request()
  File "C:\Users\mistx\PycharmProjects\SlackSender\venv\lib\site-packages\flask\app.py", line 1486, in full_dispatch_request
    rv = self.handle_user_exception(e)
  File "C:\Users\mistx\PycharmProjects\SlackSender\venv\lib\site-packages\flask\app.py", line 1484, in full_dispatch_request
    rv = self.dispatch_request()
  File "C:\Users\mistx\PycharmProjects\SlackSender\venv\lib\site-packages\flask\app.py", line 1469, in dispatch_request
    return self.ensure_sync(self.view_functions[rule.endpoint])(**view_args)
  File "C:\Users\mistx\PycharmProjects\SlackSender\innachat.py", line 183, in slack_events
    response_text = process_message(cleaned_text, data)
  File "C:\Users\mistx\PycharmProjects\SlackSender\innachat.py", line 155, in process_message
    response = chat_with_model(message)
  File "C:\Users\mistx\PycharmProjects\SlackSender\innachat.py", line 101, in chat_with_model
    response = openai.ChatCompletion.create(
  File "C:\Users\mistx\PycharmProjects\SlackSender\venv\lib\site-packages\openai\api_resources\chat_completion.py", line 25, in create
    return super().create(*args, **kwargs)
  File "C:\Users\mistx\PycharmProjects\SlackSender\venv\lib\site-packages\openai\api_resources\abstract\engine_api_resource.py", line 153, in create
    response, _, api_key = requestor.request(
  File "C:\Users\mistx\PycharmProjects\SlackSender\venv\lib\site-packages\openai\api_requestor.py", line 230, in request
    resp, got_stream = self._interpret_response(result, stream)
  File "C:\Users\mistx\PycharmProjects\SlackSender\venv\lib\site-packages\openai\api_requestor.py", line 624, in _interpret_response
    self._interpret_response_line(
  File "C:\Users\mistx\PycharmProjects\SlackSender\venv\lib\site-packages\openai\api_requestor.py", line 687, in _interpret_response_line
    raise self.handle_error_response(
openai.error.AuthenticationError: <empty message>
2023-06-16 10:37:32,183 - INFO - 127.0.0.1 - - [16/Jun/2023 10:37:32] "[35m[1mPOST /inna HTTP/1.1[0m" 500 -
2023-06-16 10:37:49,215 - INFO - error_code=invalid_api_key error_message= error_param=None error_type=invalid_request_error message='OpenAI API error received' stream_error=False
2023-06-16 10:37:49,215 - ERROR - Exception on /inna [POST]
Traceback (most recent call last):
  File "C:\Users\mistx\PycharmProjects\SlackSender\venv\lib\site-packages\flask\app.py", line 2190, in wsgi_app
    response = self.full_dispatch_request()
  File "C:\Users\mistx\PycharmProjects\SlackSender\venv\lib\site-packages\flask\app.py", line 1486, in full_dispatch_request
    rv = self.handle_user_exception(e)
  File "C:\Users\mistx\PycharmProjects\SlackSender\venv\lib\site-packages\flask\app.py", line 1484, in full_dispatch_request
    rv = self.dispatch_request()
  File "C:\Users\mistx\PycharmProjects\SlackSender\venv\lib\site-packages\flask\app.py", line 1469, in dispatch_request
    return self.ensure_sync(self.view_functions[rule.endpoint])(**view_args)
  File "C:\Users\mistx\PycharmProjects\SlackSender\innachat.py", line 183, in slack_events
    response_text = process_message(cleaned_text, data)
  File "C:\Users\mistx\PycharmProjects\SlackSender\innachat.py", line 155, in process_message
    response = chat_with_model(message)
  File "C:\Users\mistx\PycharmProjects\SlackSender\innachat.py", line 101, in chat_with_model
    response = openai.ChatCompletion.create(
  File "C:\Users\mistx\PycharmProjects\SlackSender\venv\lib\site-packages\openai\api_resources\chat_completion.py", line 25, in create
    return super().create(*args, **kwargs)
  File "C:\Users\mistx\PycharmProjects\SlackSender\venv\lib\site-packages\openai\api_resources\abstract\engine_api_resource.py", line 153, in create
    response, _, api_key = requestor.request(
  File "C:\Users\mistx\PycharmProjects\SlackSender\venv\lib\site-packages\openai\api_requestor.py", line 230, in request
    resp, got_stream = self._interpret_response(result, stream)
  File "C:\Users\mistx\PycharmProjects\SlackSender\venv\lib\site-packages\openai\api_requestor.py", line 624, in _interpret_response
    self._interpret_response_line(
  File "C:\Users\mistx\PycharmProjects\SlackSender\venv\lib\site-packages\openai\api_requestor.py", line 687, in _interpret_response_line
    raise self.handle_error_response(
openai.error.AuthenticationError: <empty message>
2023-06-16 10:37:49,217 - INFO - 127.0.0.1 - - [16/Jun/2023 10:37:49] "[35m[1mPOST /inna HTTP/1.1[0m" 500 -
2023-06-16 10:37:51,061 - INFO - error_code=invalid_api_key error_message= error_param=None error_type=invalid_request_error message='OpenAI API error received' stream_error=False
2023-06-16 10:37:51,062 - ERROR - Exception on /inna [POST]
Traceback (most recent call last):
  File "C:\Users\mistx\PycharmProjects\SlackSender\venv\lib\site-packages\flask\app.py", line 2190, in wsgi_app
    response = self.full_dispatch_request()
  File "C:\Users\mistx\PycharmProjects\SlackSender\venv\lib\site-packages\flask\app.py", line 1486, in full_dispatch_request
    rv = self.handle_user_exception(e)
  File "C:\Users\mistx\PycharmProjects\SlackSender\venv\lib\site-packages\flask\app.py", line 1484, in full_dispatch_request
    rv = self.dispatch_request()
  File "C:\Users\mistx\PycharmProjects\SlackSender\venv\lib\site-packages\flask\app.py", line 1469, in dispatch_request
    return self.ensure_sync(self.view_functions[rule.endpoint])(**view_args)
  File "C:\Users\mistx\PycharmProjects\SlackSender\innachat.py", line 183, in slack_events
    response_text = process_message(cleaned_text, data)
  File "C:\Users\mistx\PycharmProjects\SlackSender\innachat.py", line 155, in process_message
    response = chat_with_model(message)
  File "C:\Users\mistx\PycharmProjects\SlackSender\innachat.py", line 101, in chat_with_model
    response = openai.ChatCompletion.create(
  File "C:\Users\mistx\PycharmProjects\SlackSender\venv\lib\site-packages\openai\api_resources\chat_completion.py", line 25, in create
    return super().create(*args, **kwargs)
  File "C:\Users\mistx\PycharmProjects\SlackSender\venv\lib\site-packages\openai\api_resources\abstract\engine_api_resource.py", line 153, in create
    response, _, api_key = requestor.request(
  File "C:\Users\mistx\PycharmProjects\SlackSender\venv\lib\site-packages\openai\api_requestor.py", line 230, in request
    resp, got_stream = self._interpret_response(result, stream)
  File "C:\Users\mistx\PycharmProjects\SlackSender\venv\lib\site-packages\openai\api_requestor.py", line 624, in _interpret_response
    self._interpret_response_line(
  File "C:\Users\mistx\PycharmProjects\SlackSender\venv\lib\site-packages\openai\api_requestor.py", line 687, in _interpret_response_line
    raise self.handle_error_response(
openai.error.AuthenticationError: <empty message>
2023-06-16 10:37:51,064 - INFO - 127.0.0.1 - - [16/Jun/2023 10:37:51] "[35m[1mPOST /inna HTTP/1.1[0m" 500 -
2023-06-16 10:38:52,276 - INFO - error_code=invalid_api_key error_message= error_param=None error_type=invalid_request_error message='OpenAI API error received' stream_error=False
2023-06-16 10:38:52,277 - ERROR - Exception on /inna [POST]
Traceback (most recent call last):
  File "C:\Users\mistx\PycharmProjects\SlackSender\venv\lib\site-packages\flask\app.py", line 2190, in wsgi_app
    response = self.full_dispatch_request()
  File "C:\Users\mistx\PycharmProjects\SlackSender\venv\lib\site-packages\flask\app.py", line 1486, in full_dispatch_request
    rv = self.handle_user_exception(e)
  File "C:\Users\mistx\PycharmProjects\SlackSender\venv\lib\site-packages\flask\app.py", line 1484, in full_dispatch_request
    rv = self.dispatch_request()
  File "C:\Users\mistx\PycharmProjects\SlackSender\venv\lib\site-packages\flask\app.py", line 1469, in dispatch_request
    return self.ensure_sync(self.view_functions[rule.endpoint])(**view_args)
  File "C:\Users\mistx\PycharmProjects\SlackSender\innachat.py", line 183, in slack_events
    response_text = process_message(cleaned_text, data)
  File "C:\Users\mistx\PycharmProjects\SlackSender\innachat.py", line 155, in process_message
    response = chat_with_model(message)
  File "C:\Users\mistx\PycharmProjects\SlackSender\innachat.py", line 101, in chat_with_model
    response = openai.ChatCompletion.create(
  File "C:\Users\mistx\PycharmProjects\SlackSender\venv\lib\site-packages\openai\api_resources\chat_completion.py", line 25, in create
    return super().create(*args, **kwargs)
  File "C:\Users\mistx\PycharmProjects\SlackSender\venv\lib\site-packages\openai\api_resources\abstract\engine_api_resource.py", line 153, in create
    response, _, api_key = requestor.request(
  File "C:\Users\mistx\PycharmProjects\SlackSender\venv\lib\site-packages\openai\api_requestor.py", line 230, in request
    resp, got_stream = self._interpret_response(result, stream)
  File "C:\Users\mistx\PycharmProjects\SlackSender\venv\lib\site-packages\openai\api_requestor.py", line 624, in _interpret_response
    self._interpret_response_line(
  File "C:\Users\mistx\PycharmProjects\SlackSender\venv\lib\site-packages\openai\api_requestor.py", line 687, in _interpret_response_line
    raise self.handle_error_response(
openai.error.AuthenticationError: <empty message>
2023-06-16 10:38:52,278 - INFO - 127.0.0.1 - - [16/Jun/2023 10:38:52] "[35m[1mPOST /inna HTTP/1.1[0m" 500 -
2023-06-16 10:43:52,622 - INFO - error_code=invalid_api_key error_message= error_param=None error_type=invalid_request_error message='OpenAI API error received' stream_error=False
2023-06-16 10:43:52,622 - ERROR - Exception on /inna [POST]
Traceback (most recent call last):
  File "C:\Users\mistx\PycharmProjects\SlackSender\venv\lib\site-packages\flask\app.py", line 2190, in wsgi_app
    response = self.full_dispatch_request()
  File "C:\Users\mistx\PycharmProjects\SlackSender\venv\lib\site-packages\flask\app.py", line 1486, in full_dispatch_request
    rv = self.handle_user_exception(e)
  File "C:\Users\mistx\PycharmProjects\SlackSender\venv\lib\site-packages\flask\app.py", line 1484, in full_dispatch_request
    rv = self.dispatch_request()
  File "C:\Users\mistx\PycharmProjects\SlackSender\venv\lib\site-packages\flask\app.py", line 1469, in dispatch_request
    return self.ensure_sync(self.view_functions[rule.endpoint])(**view_args)
  File "C:\Users\mistx\PycharmProjects\SlackSender\innachat.py", line 183, in slack_events
    response_text = process_message(cleaned_text, data)
  File "C:\Users\mistx\PycharmProjects\SlackSender\innachat.py", line 155, in process_message
    response = chat_with_model(message)
  File "C:\Users\mistx\PycharmProjects\SlackSender\innachat.py", line 101, in chat_with_model
    response = openai.ChatCompletion.create(
  File "C:\Users\mistx\PycharmProjects\SlackSender\venv\lib\site-packages\openai\api_resources\chat_completion.py", line 25, in create
    return super().create(*args, **kwargs)
  File "C:\Users\mistx\PycharmProjects\SlackSender\venv\lib\site-packages\openai\api_resources\abstract\engine_api_resource.py", line 153, in create
    response, _, api_key = requestor.request(
  File "C:\Users\mistx\PycharmProjects\SlackSender\venv\lib\site-packages\openai\api_requestor.py", line 230, in request
    resp, got_stream = self._interpret_response(result, stream)
  File "C:\Users\mistx\PycharmProjects\SlackSender\venv\lib\site-packages\openai\api_requestor.py", line 624, in _interpret_response
    self._interpret_response_line(
  File "C:\Users\mistx\PycharmProjects\SlackSender\venv\lib\site-packages\openai\api_requestor.py", line 687, in _interpret_response_line
    raise self.handle_error_response(
openai.error.AuthenticationError: <empty message>
2023-06-16 10:43:52,623 - INFO - 127.0.0.1 - - [16/Jun/2023 10:43:52] "[35m[1mPOST /inna HTTP/1.1[0m" 500 -
2023-06-16 12:43:26,712 - INFO - [31m[1mWARNING: This is a development server. Do not use it in a production deployment. Use a production WSGI server instead.[0m
 * Running on http://127.0.0.1:3000
2023-06-16 12:43:26,713 - INFO - [33mPress CTRL+C to quit[0m
2023-06-16 14:48:17,451 - INFO - 127.0.0.1 - - [16/Jun/2023 14:48:17] "POST /inna HTTP/1.1" 200 -
2023-06-16 15:06:15,294 - INFO - 127.0.0.1 - - [16/Jun/2023 15:06:15] "POST /inna HTTP/1.1" 200 -
2023-06-16 15:06:15,294 - INFO - 127.0.0.1 - - [16/Jun/2023 15:06:15] "POST /inna HTTP/1.1" 200 -
2023-06-16 15:10:06,275 - INFO - [31m[1mWARNING: This is a development server. Do not use it in a production deployment. Use a production WSGI server instead.[0m
 * Running on http://127.0.0.1:3000
2023-06-16 15:10:06,276 - INFO - [33mPress CTRL+C to quit[0m
2023-06-16 15:11:47,709 - INFO - [31m[1mWARNING: This is a development server. Do not use it in a production deployment. Use a production WSGI server instead.[0m
 * Running on http://127.0.0.1:3000
2023-06-16 15:11:47,710 - INFO - [33mPress CTRL+C to quit[0m
2023-06-16 15:12:08,635 - INFO - 127.0.0.1 - - [16/Jun/2023 15:12:08] "POST /inna HTTP/1.1" 200 -
2023-06-16 15:12:08,636 - INFO - 127.0.0.1 - - [16/Jun/2023 15:12:08] "POST /inna HTTP/1.1" 200 -
2023-06-16 15:12:27,475 - INFO - 127.0.0.1 - - [16/Jun/2023 15:12:27] "POST /inna HTTP/1.1" 200 -
2023-06-16 15:12:27,475 - INFO - 127.0.0.1 - - [16/Jun/2023 15:12:27] "POST /inna HTTP/1.1" 200 -
2023-06-16 15:13:11,882 - INFO - 127.0.0.1 - - [16/Jun/2023 15:13:11] "POST /inna HTTP/1.1" 200 -
2023-06-16 15:19:02,455 - INFO - error_code=None error_message="Additional properties are not allowed ('context' was unexpected) - 'messages.2'" error_param=None error_type=invalid_request_error message='OpenAI API error received' stream_error=False
2023-06-16 15:24:39,945 - INFO - [31m[1mWARNING: This is a development server. Do not use it in a production deployment. Use a production WSGI server instead.[0m
 * Running on http://127.0.0.1:3000
2023-06-16 15:24:39,946 - INFO - [33mPress CTRL+C to quit[0m
2023-06-16 15:25:48,959 - INFO - [31m[1mWARNING: This is a development server. Do not use it in a production deployment. Use a production WSGI server instead.[0m
 * Running on http://127.0.0.1:3000
2023-06-16 15:25:48,959 - INFO - [33mPress CTRL+C to quit[0m
2023-06-16 15:26:12,225 - INFO - 127.0.0.1 - - [16/Jun/2023 15:26:12] "POST /inna HTTP/1.1" 200 -
2023-06-16 15:26:12,227 - INFO - 127.0.0.1 - - [16/Jun/2023 15:26:12] "POST /inna HTTP/1.1" 200 -
2023-06-16 15:26:32,332 - INFO - 127.0.0.1 - - [16/Jun/2023 15:26:32] "POST /inna HTTP/1.1" 200 -
2023-06-16 15:26:32,333 - INFO - 127.0.0.1 - - [16/Jun/2023 15:26:32] "POST /inna HTTP/1.1" 200 -
2023-06-16 15:26:57,503 - INFO - 127.0.0.1 - - [16/Jun/2023 15:26:57] "POST /inna HTTP/1.1" 200 -
2023-06-16 15:26:57,504 - INFO - 127.0.0.1 - - [16/Jun/2023 15:26:57] "POST /inna HTTP/1.1" 200 -
2023-06-16 15:27:21,017 - INFO - 127.0.0.1 - - [16/Jun/2023 15:27:21] "POST /inna HTTP/1.1" 200 -
2023-06-16 15:27:21,017 - INFO - 127.0.0.1 - - [16/Jun/2023 15:27:21] "POST /inna HTTP/1.1" 200 -
2023-06-16 15:27:21,018 - INFO - 127.0.0.1 - - [16/Jun/2023 15:27:21] "POST /inna HTTP/1.1" 200 -
2023-06-16 15:27:31,313 - INFO - 127.0.0.1 - - [16/Jun/2023 15:27:31] "POST /inna HTTP/1.1" 200 -
2023-06-16 15:27:54,429 - INFO - 127.0.0.1 - - [16/Jun/2023 15:27:54] "POST /inna HTTP/1.1" 200 -
2023-06-16 15:28:18,338 - INFO - 127.0.0.1 - - [16/Jun/2023 15:28:18] "POST /inna HTTP/1.1" 200 -
2023-06-16 15:32:15,293 - INFO - 127.0.0.1 - - [16/Jun/2023 15:32:15] "POST /inna HTTP/1.1" 200 -
2023-06-16 15:34:21,427 - INFO - [31m[1mWARNING: This is a development server. Do not use it in a production deployment. Use a production WSGI server instead.[0m
 * Running on http://127.0.0.1:3000
2023-06-16 15:34:21,428 - INFO - [33mPress CTRL+C to quit[0m
2023-06-16 15:34:36,046 - INFO - 127.0.0.1 - - [16/Jun/2023 15:34:36] "POST /inna HTTP/1.1" 200 -
2023-06-16 15:34:45,240 - INFO - 127.0.0.1 - - [16/Jun/2023 15:34:45] "POST /inna HTTP/1.1" 200 -
2023-06-16 15:35:06,475 - INFO - 127.0.0.1 - - [16/Jun/2023 15:35:06] "POST /inna HTTP/1.1" 200 -
2023-06-16 15:35:06,476 - INFO - 127.0.0.1 - - [16/Jun/2023 15:35:06] "POST /inna HTTP/1.1" 200 -
2023-06-16 15:35:35,629 - INFO - 127.0.0.1 - - [16/Jun/2023 15:35:35] "POST /inna HTTP/1.1" 200 -
2023-06-16 15:35:35,629 - INFO - 127.0.0.1 - - [16/Jun/2023 15:35:35] "POST /inna HTTP/1.1" 200 -
2023-06-16 15:38:16,262 - INFO - [31m[1mWARNING: This is a development server. Do not use it in a production deployment. Use a production WSGI server instead.[0m
 * Running on http://127.0.0.1:3000
2023-06-16 15:38:16,262 - INFO - [33mPress CTRL+C to quit[0m
2023-06-16 15:38:23,133 - INFO - 127.0.0.1 - - [16/Jun/2023 15:38:23] "POST /inna HTTP/1.1" 200 -
2023-06-16 15:38:44,838 - INFO - 127.0.0.1 - - [16/Jun/2023 15:38:44] "POST /inna HTTP/1.1" 200 -
2023-06-16 15:39:01,013 - INFO - 127.0.0.1 - - [16/Jun/2023 15:39:01] "POST /inna HTTP/1.1" 200 -
2023-06-16 15:39:17,775 - INFO - 127.0.0.1 - - [16/Jun/2023 15:39:17] "POST /inna HTTP/1.1" 200 -
2023-06-16 15:41:52,968 - INFO - [31m[1mWARNING: This is a development server. Do not use it in a production deployment. Use a production WSGI server instead.[0m
 * Running on http://127.0.0.1:3000
2023-06-16 15:41:52,968 - INFO - [33mPress CTRL+C to quit[0m
2023-06-16 15:42:01,973 - INFO - 127.0.0.1 - - [16/Jun/2023 15:42:01] "POST /inna HTTP/1.1" 200 -
2023-06-16 15:42:25,104 - INFO - 127.0.0.1 - - [16/Jun/2023 15:42:25] "POST /inna HTTP/1.1" 200 -
2023-06-16 15:42:26,895 - INFO - 127.0.0.1 - - [16/Jun/2023 15:42:26] "POST /inna HTTP/1.1" 200 -
2023-06-16 15:42:37,579 - INFO - 127.0.0.1 - - [16/Jun/2023 15:42:37] "POST /inna HTTP/1.1" 200 -
2023-06-16 15:42:43,148 - INFO - 127.0.0.1 - - [16/Jun/2023 15:42:43] "POST /inna HTTP/1.1" 200 -
2023-06-16 15:42:45,754 - INFO - 127.0.0.1 - - [16/Jun/2023 15:42:45] "POST /inna HTTP/1.1" 200 -
2023-06-16 15:43:15,493 - INFO - 127.0.0.1 - - [16/Jun/2023 15:43:15] "POST /inna HTTP/1.1" 200 -
2023-06-16 15:43:15,863 - INFO - 127.0.0.1 - - [16/Jun/2023 15:43:15] "POST /inna HTTP/1.1" 200 -
2023-06-16 15:43:30,206 - INFO - 127.0.0.1 - - [16/Jun/2023 15:43:30] "POST /inna HTTP/1.1" 200 -
2023-06-16 15:43:44,274 - INFO - 127.0.0.1 - - [16/Jun/2023 15:43:44] "POST /inna HTTP/1.1" 200 -
2023-06-16 15:43:51,826 - INFO - 127.0.0.1 - - [16/Jun/2023 15:43:51] "POST /inna HTTP/1.1" 200 -
2023-06-16 15:44:22,994 - INFO - 127.0.0.1 - - [16/Jun/2023 15:44:22] "POST /inna HTTP/1.1" 200 -
2023-06-16 15:44:34,032 - INFO - 127.0.0.1 - - [16/Jun/2023 15:44:34] "POST /inna HTTP/1.1" 200 -
2023-06-16 15:44:36,590 - INFO - 127.0.0.1 - - [16/Jun/2023 15:44:36] "POST /inna HTTP/1.1" 200 -
2023-06-16 15:44:52,219 - INFO - 127.0.0.1 - - [16/Jun/2023 15:44:52] "POST /inna HTTP/1.1" 200 -
2023-06-16 15:44:56,004 - INFO - 127.0.0.1 - - [16/Jun/2023 15:44:56] "POST /inna HTTP/1.1" 200 -
2023-06-16 15:45:09,076 - INFO - 127.0.0.1 - - [16/Jun/2023 15:45:09] "POST /inna HTTP/1.1" 200 -
2023-06-16 15:45:11,667 - INFO - 127.0.0.1 - - [16/Jun/2023 15:45:11] "POST /inna HTTP/1.1" 200 -
2023-06-16 15:45:11,982 - INFO - error_code=None error_message='That model is currently overloaded with other requests. You can retry your request, or contact us through our help center at help.openai.com if the error persists. (Please include the request ID 69389b2be0c6f032b3ee9cf6a21ce9a3 in your message.)' error_param=None error_type=server_error message='OpenAI API error received' stream_error=False
2023-06-16 15:45:11,982 - ERROR - Exception on /inna [POST]
Traceback (most recent call last):
  File "C:\Users\mistx\PycharmProjects\SlackSender\venv\lib\site-packages\flask\app.py", line 2190, in wsgi_app
    response = self.full_dispatch_request()
  File "C:\Users\mistx\PycharmProjects\SlackSender\venv\lib\site-packages\flask\app.py", line 1486, in full_dispatch_request
    rv = self.handle_user_exception(e)
  File "C:\Users\mistx\PycharmProjects\SlackSender\venv\lib\site-packages\flask\app.py", line 1484, in full_dispatch_request
    rv = self.dispatch_request()
  File "C:\Users\mistx\PycharmProjects\SlackSender\venv\lib\site-packages\flask\app.py", line 1469, in dispatch_request
    return self.ensure_sync(self.view_functions[rule.endpoint])(**view_args)
  File "C:\Users\mistx\PycharmProjects\SlackSender\innachat.py", line 196, in slack_events
    response_text = process_message(cleaned_text, data)
  File "C:\Users\mistx\PycharmProjects\SlackSender\innachat.py", line 166, in process_message
    response = chat_with_model(message)
  File "C:\Users\mistx\PycharmProjects\SlackSender\innachat.py", line 107, in chat_with_model
    response = openai.ChatCompletion.create(
  File "C:\Users\mistx\PycharmProjects\SlackSender\venv\lib\site-packages\openai\api_resources\chat_completion.py", line 25, in create
    return super().create(*args, **kwargs)
  File "C:\Users\mistx\PycharmProjects\SlackSender\venv\lib\site-packages\openai\api_resources\abstract\engine_api_resource.py", line 153, in create
    response, _, api_key = requestor.request(
  File "C:\Users\mistx\PycharmProjects\SlackSender\venv\lib\site-packages\openai\api_requestor.py", line 230, in request
    resp, got_stream = self._interpret_response(result, stream)
  File "C:\Users\mistx\PycharmProjects\SlackSender\venv\lib\site-packages\openai\api_requestor.py", line 624, in _interpret_response
    self._interpret_response_line(
  File "C:\Users\mistx\PycharmProjects\SlackSender\venv\lib\site-packages\openai\api_requestor.py", line 687, in _interpret_response_line
    raise self.handle_error_response(
openai.error.RateLimitError: That model is currently overloaded with other requests. You can retry your request, or contact us through our help center at help.openai.com if the error persists. (Please include the request ID 69389b2be0c6f032b3ee9cf6a21ce9a3 in your message.)
2023-06-16 15:45:12,010 - INFO - 127.0.0.1 - - [16/Jun/2023 15:45:12] "[35m[1mPOST /inna HTTP/1.1[0m" 500 -
2023-06-16 15:45:39,994 - INFO - 127.0.0.1 - - [16/Jun/2023 15:45:39] "POST /inna HTTP/1.1" 200 -
2023-06-16 15:45:56,273 - INFO - 127.0.0.1 - - [16/Jun/2023 15:45:56] "POST /inna HTTP/1.1" 200 -
2023-06-16 15:45:57,615 - INFO - 127.0.0.1 - - [16/Jun/2023 15:45:57] "POST /inna HTTP/1.1" 200 -
2023-06-16 15:46:01,378 - INFO - 127.0.0.1 - - [16/Jun/2023 15:46:01] "POST /inna HTTP/1.1" 200 -
2023-06-16 15:46:01,436 - INFO - 127.0.0.1 - - [16/Jun/2023 15:46:01] "POST /inna HTTP/1.1" 200 -
2023-06-16 15:46:19,307 - INFO - 127.0.0.1 - - [16/Jun/2023 15:46:19] "POST /inna HTTP/1.1" 200 -
2023-06-16 15:46:34,170 - INFO - 127.0.0.1 - - [16/Jun/2023 15:46:34] "POST /inna HTTP/1.1" 200 -
2023-06-16 15:46:42,291 - INFO - 127.0.0.1 - - [16/Jun/2023 15:46:42] "POST /inna HTTP/1.1" 200 -
2023-06-16 15:46:55,211 - INFO - 127.0.0.1 - - [16/Jun/2023 15:46:55] "POST /inna HTTP/1.1" 200 -
2023-06-16 15:46:55,748 - INFO - 127.0.0.1 - - [16/Jun/2023 15:46:55] "POST /inna HTTP/1.1" 200 -
2023-06-16 15:46:57,426 - INFO - 127.0.0.1 - - [16/Jun/2023 15:46:57] "POST /inna HTTP/1.1" 200 -
2023-06-16 15:46:57,821 - INFO - error_code=context_length_exceeded error_message="This model's maximum context length is 4097 tokens. However, your messages resulted in 4272 tokens. Please reduce the length of the messages." error_param=messages error_type=invalid_request_error message='OpenAI API error received' stream_error=False
2023-06-16 15:46:57,821 - ERROR - Exception on /inna [POST]
Traceback (most recent call last):
  File "C:\Users\mistx\PycharmProjects\SlackSender\venv\lib\site-packages\flask\app.py", line 2190, in wsgi_app
    response = self.full_dispatch_request()
  File "C:\Users\mistx\PycharmProjects\SlackSender\venv\lib\site-packages\flask\app.py", line 1486, in full_dispatch_request
    rv = self.handle_user_exception(e)
  File "C:\Users\mistx\PycharmProjects\SlackSender\venv\lib\site-packages\flask\app.py", line 1484, in full_dispatch_request
    rv = self.dispatch_request()
  File "C:\Users\mistx\PycharmProjects\SlackSender\venv\lib\site-packages\flask\app.py", line 1469, in dispatch_request
    return self.ensure_sync(self.view_functions[rule.endpoint])(**view_args)
  File "C:\Users\mistx\PycharmProjects\SlackSender\innachat.py", line 196, in slack_events
    response_text = process_message(cleaned_text, data)
  File "C:\Users\mistx\PycharmProjects\SlackSender\innachat.py", line 166, in process_message
    response = chat_with_model(message)
  File "C:\Users\mistx\PycharmProjects\SlackSender\innachat.py", line 107, in chat_with_model
    response = openai.ChatCompletion.create(
  File "C:\Users\mistx\PycharmProjects\SlackSender\venv\lib\site-packages\openai\api_resources\chat_completion.py", line 25, in create
    return super().create(*args, **kwargs)
  File "C:\Users\mistx\PycharmProjects\SlackSender\venv\lib\site-packages\openai\api_resources\abstract\engine_api_resource.py", line 153, in create
    response, _, api_key = requestor.request(
  File "C:\Users\mistx\PycharmProjects\SlackSender\venv\lib\site-packages\openai\api_requestor.py", line 230, in request
    resp, got_stream = self._interpret_response(result, stream)
  File "C:\Users\mistx\PycharmProjects\SlackSender\venv\lib\site-packages\openai\api_requestor.py", line 624, in _interpret_response
    self._interpret_response_line(
  File "C:\Users\mistx\PycharmProjects\SlackSender\venv\lib\site-packages\openai\api_requestor.py", line 687, in _interpret_response_line
    raise self.handle_error_response(
openai.error.InvalidRequestError: This model's maximum context length is 4097 tokens. However, your messages resulted in 4272 tokens. Please reduce the length of the messages.
2023-06-16 15:46:57,822 - INFO - 127.0.0.1 - - [16/Jun/2023 15:46:57] "[35m[1mPOST /inna HTTP/1.1[0m" 500 -
2023-06-16 15:47:38,830 - INFO - [31m[1mWARNING: This is a development server. Do not use it in a production deployment. Use a production WSGI server instead.[0m
 * Running on http://127.0.0.1:3000
2023-06-16 15:47:38,831 - INFO - [33mPress CTRL+C to quit[0m
2023-06-16 15:48:02,899 - INFO - 127.0.0.1 - - [16/Jun/2023 15:48:02] "POST /inna HTTP/1.1" 200 -
2023-06-16 15:48:10,071 - INFO - 127.0.0.1 - - [16/Jun/2023 15:48:10] "POST /inna HTTP/1.1" 200 -
2023-06-16 15:48:10,072 - INFO - 127.0.0.1 - - [16/Jun/2023 15:48:10] "POST /inna HTTP/1.1" 200 -
2023-06-16 15:48:13,562 - INFO - 127.0.0.1 - - [16/Jun/2023 15:48:13] "POST /inna HTTP/1.1" 200 -
2023-06-16 15:48:26,435 - INFO - 127.0.0.1 - - [16/Jun/2023 15:48:26] "POST /inna HTTP/1.1" 200 -
2023-06-16 15:48:26,436 - INFO - 127.0.0.1 - - [16/Jun/2023 15:48:26] "POST /inna HTTP/1.1" 200 -
2023-06-16 15:48:34,771 - INFO - 127.0.0.1 - - [16/Jun/2023 15:48:34] "POST /inna HTTP/1.1" 200 -
2023-06-16 15:48:49,508 - INFO - 127.0.0.1 - - [16/Jun/2023 15:48:49] "POST /inna HTTP/1.1" 200 -
2023-06-16 15:48:57,353 - INFO - 127.0.0.1 - - [16/Jun/2023 15:48:57] "POST /inna HTTP/1.1" 200 -
2023-06-16 15:49:23,170 - INFO - 127.0.0.1 - - [16/Jun/2023 15:49:23] "POST /inna HTTP/1.1" 200 -
2023-06-16 15:49:24,389 - INFO - 127.0.0.1 - - [16/Jun/2023 15:49:24] "POST /inna HTTP/1.1" 200 -
2023-06-16 15:51:42,211 - INFO - [31m[1mWARNING: This is a development server. Do not use it in a production deployment. Use a production WSGI server instead.[0m
 * Running on http://127.0.0.1:3000
2023-06-16 15:51:42,211 - INFO - [33mPress CTRL+C to quit[0m
2023-06-16 15:51:58,433 - INFO - 127.0.0.1 - - [16/Jun/2023 15:51:58] "POST /inna HTTP/1.1" 200 -
2023-06-16 15:51:58,433 - INFO - 127.0.0.1 - - [16/Jun/2023 15:51:58] "POST /inna HTTP/1.1" 200 -
2023-06-16 15:52:01,917 - INFO - 127.0.0.1 - - [16/Jun/2023 15:52:01] "POST /inna HTTP/1.1" 200 -
2023-06-16 15:52:26,726 - INFO - 127.0.0.1 - - [16/Jun/2023 15:52:26] "POST /inna HTTP/1.1" 200 -
2023-06-16 15:52:33,052 - INFO - 127.0.0.1 - - [16/Jun/2023 15:52:33] "POST /inna HTTP/1.1" 200 -
2023-06-16 15:52:33,054 - INFO - 127.0.0.1 - - [16/Jun/2023 15:52:33] "POST /inna HTTP/1.1" 200 -
2023-06-16 15:52:59,752 - INFO - 127.0.0.1 - - [16/Jun/2023 15:52:59] "POST /inna HTTP/1.1" 200 -
2023-06-16 15:53:01,762 - INFO - 127.0.0.1 - - [16/Jun/2023 15:53:01] "POST /inna HTTP/1.1" 200 -
2023-06-16 15:53:15,367 - INFO - 127.0.0.1 - - [16/Jun/2023 15:53:15] "POST /inna HTTP/1.1" 200 -
2023-06-16 15:53:15,367 - INFO - 127.0.0.1 - - [16/Jun/2023 15:53:15] "POST /inna HTTP/1.1" 200 -
2023-06-16 15:53:23,371 - INFO - 127.0.0.1 - - [16/Jun/2023 15:53:23] "POST /inna HTTP/1.1" 200 -
2023-06-16 15:54:15,511 - INFO - 127.0.0.1 - - [16/Jun/2023 15:54:15] "POST /inna HTTP/1.1" 200 -
2023-06-16 16:05:57,162 - ERROR - Exception on /inna [POST]
Traceback (most recent call last):
  File "C:\Users\mistx\PycharmProjects\SlackSender\venv\lib\site-packages\urllib3\connectionpool.py", line 536, in _make_request
    response = conn.getresponse()
  File "C:\Users\mistx\PycharmProjects\SlackSender\venv\lib\site-packages\urllib3\connection.py", line 454, in getresponse
    httplib_response = super().getresponse()
  File "C:\Program Files\WindowsApps\PythonSoftwareFoundation.Python.3.10_3.10.3056.0_x64__qbz5n2kfra8p0\lib\http\client.py", line 1375, in getresponse
    response.begin()
  File "C:\Program Files\WindowsApps\PythonSoftwareFoundation.Python.3.10_3.10.3056.0_x64__qbz5n2kfra8p0\lib\http\client.py", line 318, in begin
    version, status, reason = self._read_status()
  File "C:\Program Files\WindowsApps\PythonSoftwareFoundation.Python.3.10_3.10.3056.0_x64__qbz5n2kfra8p0\lib\http\client.py", line 279, in _read_status
    line = str(self.fp.readline(_MAXLINE + 1), "iso-8859-1")
  File "C:\Program Files\WindowsApps\PythonSoftwareFoundation.Python.3.10_3.10.3056.0_x64__qbz5n2kfra8p0\lib\socket.py", line 705, in readinto
    return self._sock.recv_into(b)
  File "C:\Program Files\WindowsApps\PythonSoftwareFoundation.Python.3.10_3.10.3056.0_x64__qbz5n2kfra8p0\lib\ssl.py", line 1274, in recv_into
    return self.read(nbytes, buffer)
  File "C:\Program Files\WindowsApps\PythonSoftwareFoundation.Python.3.10_3.10.3056.0_x64__qbz5n2kfra8p0\lib\ssl.py", line 1130, in read
    return self._sslobj.read(len, buffer)
TimeoutError: The read operation timed out

The above exception was the direct cause of the following exception:

Traceback (most recent call last):
  File "C:\Users\mistx\PycharmProjects\SlackSender\venv\lib\site-packages\requests\adapters.py", line 486, in send
    resp = conn.urlopen(
  File "C:\Users\mistx\PycharmProjects\SlackSender\venv\lib\site-packages\urllib3\connectionpool.py", line 844, in urlopen
    retries = retries.increment(
  File "C:\Users\mistx\PycharmProjects\SlackSender\venv\lib\site-packages\urllib3\util\retry.py", line 470, in increment
    raise reraise(type(error), error, _stacktrace)
  File "C:\Users\mistx\PycharmProjects\SlackSender\venv\lib\site-packages\urllib3\util\util.py", line 39, in reraise
    raise value
  File "C:\Users\mistx\PycharmProjects\SlackSender\venv\lib\site-packages\urllib3\connectionpool.py", line 790, in urlopen
    response = self._make_request(
  File "C:\Users\mistx\PycharmProjects\SlackSender\venv\lib\site-packages\urllib3\connectionpool.py", line 538, in _make_request
    self._raise_timeout(err=e, url=url, timeout_value=read_timeout)
  File "C:\Users\mistx\PycharmProjects\SlackSender\venv\lib\site-packages\urllib3\connectionpool.py", line 370, in _raise_timeout
    raise ReadTimeoutError(
urllib3.exceptions.ReadTimeoutError: HTTPSConnectionPool(host='api.openai.com', port=443): Read timed out. (read timeout=600)

During handling of the above exception, another exception occurred:

Traceback (most recent call last):
  File "C:\Users\mistx\PycharmProjects\SlackSender\venv\lib\site-packages\openai\api_requestor.py", line 520, in request_raw
    result = _thread_context.session.request(
  File "C:\Users\mistx\PycharmProjects\SlackSender\venv\lib\site-packages\requests\sessions.py", line 587, in request
    resp = self.send(prep, **send_kwargs)
  File "C:\Users\mistx\PycharmProjects\SlackSender\venv\lib\site-packages\requests\sessions.py", line 701, in send
    r = adapter.send(request, **kwargs)
  File "C:\Users\mistx\PycharmProjects\SlackSender\venv\lib\site-packages\requests\adapters.py", line 532, in send
    raise ReadTimeout(e, request=request)
requests.exceptions.ReadTimeout: HTTPSConnectionPool(host='api.openai.com', port=443): Read timed out. (read timeout=600)

The above exception was the direct cause of the following exception:

Traceback (most recent call last):
  File "C:\Users\mistx\PycharmProjects\SlackSender\venv\lib\site-packages\flask\app.py", line 2190, in wsgi_app
    response = self.full_dispatch_request()
  File "C:\Users\mistx\PycharmProjects\SlackSender\venv\lib\site-packages\flask\app.py", line 1486, in full_dispatch_request
    rv = self.handle_user_exception(e)
  File "C:\Users\mistx\PycharmProjects\SlackSender\venv\lib\site-packages\flask\app.py", line 1484, in full_dispatch_request
    rv = self.dispatch_request()
  File "C:\Users\mistx\PycharmProjects\SlackSender\venv\lib\site-packages\flask\app.py", line 1469, in dispatch_request
    return self.ensure_sync(self.view_functions[rule.endpoint])(**view_args)
  File "C:\Users\mistx\PycharmProjects\SlackSender\innachat.py", line 183, in slack_events
    response_text = process_message(cleaned_text, data)
  File "C:\Users\mistx\PycharmProjects\SlackSender\innachat.py", line 155, in process_message
    response = chat_with_model(message)
  File "C:\Users\mistx\PycharmProjects\SlackSender\innachat.py", line 101, in chat_with_model
    response = openai.ChatCompletion.create(
  File "C:\Users\mistx\PycharmProjects\SlackSender\venv\lib\site-packages\openai\api_resources\chat_completion.py", line 25, in create
    return super().create(*args, **kwargs)
  File "C:\Users\mistx\PycharmProjects\SlackSender\venv\lib\site-packages\openai\api_resources\abstract\engine_api_resource.py", line 153, in create
    response, _, api_key = requestor.request(
  File "C:\Users\mistx\PycharmProjects\SlackSender\venv\lib\site-packages\openai\api_requestor.py", line 220, in request
    result = self.request_raw(
  File "C:\Users\mistx\PycharmProjects\SlackSender\venv\lib\site-packages\openai\api_requestor.py", line 531, in request_raw
    raise error.Timeout("Request timed out: {}".format(e)) from e
openai.error.Timeout: Request timed out: HTTPSConnectionPool(host='api.openai.com', port=443): Read timed out. (read timeout=600)
2023-06-16 16:05:58,940 - INFO - 127.0.0.1 - - [16/Jun/2023 16:05:58] "[35m[1mPOST /inna HTTP/1.1[0m" 500 -
2023-06-16 16:06:27,623 - INFO - error_code=None error_message='That model is currently overloaded with other requests. You can retry your request, or contact us through our help center at help.openai.com if the error persists. (Please include the request ID b11826fcc227c9040a34f90f84a07302 in your message.)' error_param=None error_type=server_error message='OpenAI API error received' stream_error=False
2023-06-16 16:06:27,623 - ERROR - Exception on /inna [POST]
Traceback (most recent call last):
  File "C:\Users\mistx\PycharmProjects\SlackSender\venv\lib\site-packages\flask\app.py", line 2190, in wsgi_app
    response = self.full_dispatch_request()
  File "C:\Users\mistx\PycharmProjects\SlackSender\venv\lib\site-packages\flask\app.py", line 1486, in full_dispatch_request
    rv = self.handle_user_exception(e)
  File "C:\Users\mistx\PycharmProjects\SlackSender\venv\lib\site-packages\flask\app.py", line 1484, in full_dispatch_request
    rv = self.dispatch_request()
  File "C:\Users\mistx\PycharmProjects\SlackSender\venv\lib\site-packages\flask\app.py", line 1469, in dispatch_request
    return self.ensure_sync(self.view_functions[rule.endpoint])(**view_args)
  File "C:\Users\mistx\PycharmProjects\SlackSender\innachat.py", line 183, in slack_events
    response_text = process_message(cleaned_text, data)
  File "C:\Users\mistx\PycharmProjects\SlackSender\innachat.py", line 155, in process_message
    response = chat_with_model(message)
  File "C:\Users\mistx\PycharmProjects\SlackSender\innachat.py", line 101, in chat_with_model
    response = openai.ChatCompletion.create(
  File "C:\Users\mistx\PycharmProjects\SlackSender\venv\lib\site-packages\openai\api_resources\chat_completion.py", line 25, in create
    return super().create(*args, **kwargs)
  File "C:\Users\mistx\PycharmProjects\SlackSender\venv\lib\site-packages\openai\api_resources\abstract\engine_api_resource.py", line 153, in create
    response, _, api_key = requestor.request(
  File "C:\Users\mistx\PycharmProjects\SlackSender\venv\lib\site-packages\openai\api_requestor.py", line 230, in request
    resp, got_stream = self._interpret_response(result, stream)
  File "C:\Users\mistx\PycharmProjects\SlackSender\venv\lib\site-packages\openai\api_requestor.py", line 624, in _interpret_response
    self._interpret_response_line(
  File "C:\Users\mistx\PycharmProjects\SlackSender\venv\lib\site-packages\openai\api_requestor.py", line 687, in _interpret_response_line
    raise self.handle_error_response(
openai.error.RateLimitError: That model is currently overloaded with other requests. You can retry your request, or contact us through our help center at help.openai.com if the error persists. (Please include the request ID b11826fcc227c9040a34f90f84a07302 in your message.)
2023-06-16 16:06:27,626 - INFO - 127.0.0.1 - - [16/Jun/2023 16:06:27] "[35m[1mPOST /inna HTTP/1.1[0m" 500 -
2023-06-16 16:06:33,448 - INFO - 127.0.0.1 - - [16/Jun/2023 16:06:33] "POST /inna HTTP/1.1" 200 -
2023-06-16 16:06:42,769 - INFO - 127.0.0.1 - - [16/Jun/2023 16:06:42] "POST /inna HTTP/1.1" 200 -
2023-06-16 16:06:42,769 - INFO - 127.0.0.1 - - [16/Jun/2023 16:06:42] "POST /inna HTTP/1.1" 200 -
2023-06-16 16:06:49,975 - INFO - 127.0.0.1 - - [16/Jun/2023 16:06:49] "POST /inna HTTP/1.1" 200 -
2023-06-16 16:06:49,977 - INFO - 127.0.0.1 - - [16/Jun/2023 16:06:49] "POST /inna HTTP/1.1" 200 -
2023-06-16 16:06:49,978 - INFO - 127.0.0.1 - - [16/Jun/2023 16:06:49] "POST /inna HTTP/1.1" 200 -
2023-06-16 16:06:49,979 - INFO - 127.0.0.1 - - [16/Jun/2023 16:06:49] "POST /inna HTTP/1.1" 200 -
2023-06-16 16:06:49,980 - INFO - 127.0.0.1 - - [16/Jun/2023 16:06:49] "POST /inna HTTP/1.1" 200 -
2023-06-16 16:13:56,298 - INFO - 127.0.0.1 - - [16/Jun/2023 16:13:56] "POST /inna HTTP/1.1" 200 -
2023-06-16 16:13:56,299 - INFO - 127.0.0.1 - - [16/Jun/2023 16:13:56] "POST /inna HTTP/1.1" 200 -
2023-06-16 16:20:07,671 - INFO - 127.0.0.1 - - [16/Jun/2023 16:20:07] "POST /inna HTTP/1.1" 200 -
2023-06-16 16:20:07,672 - INFO - 127.0.0.1 - - [16/Jun/2023 16:20:07] "POST /inna HTTP/1.1" 200 -
2023-06-16 16:20:40,122 - INFO - 127.0.0.1 - - [16/Jun/2023 16:20:40] "POST /inna HTTP/1.1" 200 -
2023-06-16 16:20:40,122 - INFO - 127.0.0.1 - - [16/Jun/2023 16:20:40] "POST /inna HTTP/1.1" 200 -
2023-06-16 16:21:14,409 - INFO - 127.0.0.1 - - [16/Jun/2023 16:21:14] "POST /inna HTTP/1.1" 200 -
2023-06-16 16:21:14,410 - INFO - 127.0.0.1 - - [16/Jun/2023 16:21:14] "POST /inna HTTP/1.1" 200 -
2023-06-16 16:21:14,411 - INFO - 127.0.0.1 - - [16/Jun/2023 16:21:14] "POST /inna HTTP/1.1" 200 -
2023-06-16 16:33:44,300 - INFO - error_code=None error_message='That model is currently overloaded with other requests. You can retry your request, or contact us through our help center at help.openai.com if the error persists. (Please include the request ID 84f1900f696a1d6d3560b783c31b3e84 in your message.)' error_param=None error_type=server_error message='OpenAI API error received' stream_error=False
2023-06-16 16:33:44,301 - ERROR - Exception on /inna [POST]
Traceback (most recent call last):
  File "C:\Users\mistx\PycharmProjects\SlackSender\venv\lib\site-packages\flask\app.py", line 2190, in wsgi_app
    response = self.full_dispatch_request()
  File "C:\Users\mistx\PycharmProjects\SlackSender\venv\lib\site-packages\flask\app.py", line 1486, in full_dispatch_request
    rv = self.handle_user_exception(e)
  File "C:\Users\mistx\PycharmProjects\SlackSender\venv\lib\site-packages\flask\app.py", line 1484, in full_dispatch_request
    rv = self.dispatch_request()
  File "C:\Users\mistx\PycharmProjects\SlackSender\venv\lib\site-packages\flask\app.py", line 1469, in dispatch_request
    return self.ensure_sync(self.view_functions[rule.endpoint])(**view_args)
  File "C:\Users\mistx\PycharmProjects\SlackSender\innachat.py", line 183, in slack_events
    response_text = process_message(cleaned_text, data)
  File "C:\Users\mistx\PycharmProjects\SlackSender\innachat.py", line 155, in process_message
    response = chat_with_model(message)
  File "C:\Users\mistx\PycharmProjects\SlackSender\innachat.py", line 101, in chat_with_model
    response = openai.ChatCompletion.create(
  File "C:\Users\mistx\PycharmProjects\SlackSender\venv\lib\site-packages\openai\api_resources\chat_completion.py", line 25, in create
    return super().create(*args, **kwargs)
  File "C:\Users\mistx\PycharmProjects\SlackSender\venv\lib\site-packages\openai\api_resources\abstract\engine_api_resource.py", line 153, in create
    response, _, api_key = requestor.request(
  File "C:\Users\mistx\PycharmProjects\SlackSender\venv\lib\site-packages\openai\api_requestor.py", line 230, in request
    resp, got_stream = self._interpret_response(result, stream)
  File "C:\Users\mistx\PycharmProjects\SlackSender\venv\lib\site-packages\openai\api_requestor.py", line 624, in _interpret_response
    self._interpret_response_line(
  File "C:\Users\mistx\PycharmProjects\SlackSender\venv\lib\site-packages\openai\api_requestor.py", line 687, in _interpret_response_line
    raise self.handle_error_response(
openai.error.RateLimitError: That model is currently overloaded with other requests. You can retry your request, or contact us through our help center at help.openai.com if the error persists. (Please include the request ID 84f1900f696a1d6d3560b783c31b3e84 in your message.)
2023-06-16 16:33:44,307 - INFO - 127.0.0.1 - - [16/Jun/2023 16:33:44] "[35m[1mPOST /inna HTTP/1.1[0m" 500 -
2023-06-16 16:34:14,674 - INFO - error_code=None error_message='That model is currently overloaded with other requests. You can retry your request, or contact us through our help center at help.openai.com if the error persists. (Please include the request ID 929c019763606109522a6e3779705b50 in your message.)' error_param=None error_type=server_error message='OpenAI API error received' stream_error=False
2023-06-16 16:34:14,674 - ERROR - Exception on /inna [POST]
Traceback (most recent call last):
  File "C:\Users\mistx\PycharmProjects\SlackSender\venv\lib\site-packages\flask\app.py", line 2190, in wsgi_app
    response = self.full_dispatch_request()
  File "C:\Users\mistx\PycharmProjects\SlackSender\venv\lib\site-packages\flask\app.py", line 1486, in full_dispatch_request
    rv = self.handle_user_exception(e)
  File "C:\Users\mistx\PycharmProjects\SlackSender\venv\lib\site-packages\flask\app.py", line 1484, in full_dispatch_request
    rv = self.dispatch_request()
  File "C:\Users\mistx\PycharmProjects\SlackSender\venv\lib\site-packages\flask\app.py", line 1469, in dispatch_request
    return self.ensure_sync(self.view_functions[rule.endpoint])(**view_args)
  File "C:\Users\mistx\PycharmProjects\SlackSender\innachat.py", line 183, in slack_events
    response_text = process_message(cleaned_text, data)
  File "C:\Users\mistx\PycharmProjects\SlackSender\innachat.py", line 155, in process_message
    response = chat_with_model(message)
  File "C:\Users\mistx\PycharmProjects\SlackSender\innachat.py", line 101, in chat_with_model
    response = openai.ChatCompletion.create(
  File "C:\Users\mistx\PycharmProjects\SlackSender\venv\lib\site-packages\openai\api_resources\chat_completion.py", line 25, in create
    return super().create(*args, **kwargs)
  File "C:\Users\mistx\PycharmProjects\SlackSender\venv\lib\site-packages\openai\api_resources\abstract\engine_api_resource.py", line 153, in create
    response, _, api_key = requestor.request(
  File "C:\Users\mistx\PycharmProjects\SlackSender\venv\lib\site-packages\openai\api_requestor.py", line 230, in request
    resp, got_stream = self._interpret_response(result, stream)
  File "C:\Users\mistx\PycharmProjects\SlackSender\venv\lib\site-packages\openai\api_requestor.py", line 624, in _interpret_response
    self._interpret_response_line(
  File "C:\Users\mistx\PycharmProjects\SlackSender\venv\lib\site-packages\openai\api_requestor.py", line 687, in _interpret_response_line
    raise self.handle_error_response(
openai.error.RateLimitError: That model is currently overloaded with other requests. You can retry your request, or contact us through our help center at help.openai.com if the error persists. (Please include the request ID 929c019763606109522a6e3779705b50 in your message.)
2023-06-16 16:34:14,676 - INFO - 127.0.0.1 - - [16/Jun/2023 16:34:14] "[35m[1mPOST /inna HTTP/1.1[0m" 500 -
2023-06-16 16:34:20,580 - INFO - 127.0.0.1 - - [16/Jun/2023 16:34:20] "POST /inna HTTP/1.1" 200 -
2023-06-16 16:34:57,674 - INFO - 127.0.0.1 - - [16/Jun/2023 16:34:57] "POST /inna HTTP/1.1" 200 -
2023-06-16 16:41:19,026 - INFO - error_code=502 error_message='Bad gateway.' error_param=None error_type=cf_bad_gateway message='OpenAI API error received' stream_error=False
2023-06-16 16:41:19,027 - ERROR - Exception on /inna [POST]
Traceback (most recent call last):
  File "C:\Users\mistx\PycharmProjects\SlackSender\venv\lib\site-packages\flask\app.py", line 2190, in wsgi_app
    response = self.full_dispatch_request()
  File "C:\Users\mistx\PycharmProjects\SlackSender\venv\lib\site-packages\flask\app.py", line 1486, in full_dispatch_request
    rv = self.handle_user_exception(e)
  File "C:\Users\mistx\PycharmProjects\SlackSender\venv\lib\site-packages\flask\app.py", line 1484, in full_dispatch_request
    rv = self.dispatch_request()
  File "C:\Users\mistx\PycharmProjects\SlackSender\venv\lib\site-packages\flask\app.py", line 1469, in dispatch_request
    return self.ensure_sync(self.view_functions[rule.endpoint])(**view_args)
  File "C:\Users\mistx\PycharmProjects\SlackSender\innachat.py", line 183, in slack_events
    response_text = process_message(cleaned_text, data)
  File "C:\Users\mistx\PycharmProjects\SlackSender\innachat.py", line 155, in process_message
    response = chat_with_model(message)
  File "C:\Users\mistx\PycharmProjects\SlackSender\innachat.py", line 101, in chat_with_model
    response = openai.ChatCompletion.create(
  File "C:\Users\mistx\PycharmProjects\SlackSender\venv\lib\site-packages\openai\api_resources\chat_completion.py", line 25, in create
    return super().create(*args, **kwargs)
  File "C:\Users\mistx\PycharmProjects\SlackSender\venv\lib\site-packages\openai\api_resources\abstract\engine_api_resource.py", line 153, in create
    response, _, api_key = requestor.request(
  File "C:\Users\mistx\PycharmProjects\SlackSender\venv\lib\site-packages\openai\api_requestor.py", line 230, in request
    resp, got_stream = self._interpret_response(result, stream)
  File "C:\Users\mistx\PycharmProjects\SlackSender\venv\lib\site-packages\openai\api_requestor.py", line 624, in _interpret_response
    self._interpret_response_line(
  File "C:\Users\mistx\PycharmProjects\SlackSender\venv\lib\site-packages\openai\api_requestor.py", line 687, in _interpret_response_line
    raise self.handle_error_response(
openai.error.APIError: Bad gateway. {"error":{"code":502,"message":"Bad gateway.","param":null,"type":"cf_bad_gateway"}} 502 {'error': {'code': 502, 'message': 'Bad gateway.', 'param': None, 'type': 'cf_bad_gateway'}} {'Date': 'Fri, 16 Jun 2023 13:41:19 GMT', 'Content-Type': 'application/json', 'Content-Length': '84', 'Connection': 'keep-alive', 'X-Frame-Options': 'SAMEORIGIN', 'Referrer-Policy': 'same-origin', 'Cache-Control': 'private, max-age=0, no-store, no-cache, must-revalidate, post-check=0, pre-check=0', 'Expires': 'Thu, 01 Jan 1970 00:00:01 GMT', 'Server': 'cloudflare', 'CF-RAY': '7d836feb9a073aad-DME', 'alt-svc': 'h3=":443"; ma=86400'}
2023-06-16 16:41:19,031 - INFO - 127.0.0.1 - - [16/Jun/2023 16:41:19] "[35m[1mPOST /inna HTTP/1.1[0m" 500 -
2023-06-16 16:41:23,321 - INFO - 127.0.0.1 - - [16/Jun/2023 16:41:23] "POST /inna HTTP/1.1" 200 -
2023-06-16 16:41:23,322 - INFO - 127.0.0.1 - - [16/Jun/2023 16:41:23] "POST /inna HTTP/1.1" 200 -
2023-06-16 16:41:23,323 - INFO - 127.0.0.1 - - [16/Jun/2023 16:41:23] "POST /inna HTTP/1.1" 200 -
2023-06-16 16:41:47,281 - INFO - 127.0.0.1 - - [16/Jun/2023 16:41:47] "POST /inna HTTP/1.1" 200 -
2023-06-16 18:20:21,896 - INFO - 127.0.0.1 - - [16/Jun/2023 18:20:21] "POST /inna HTTP/1.1" 200 -
2023-06-16 18:20:21,922 - INFO - 127.0.0.1 - - [16/Jun/2023 18:20:21] "POST /inna HTTP/1.1" 200 -
2023-06-16 18:21:01,761 - INFO - 127.0.0.1 - - [16/Jun/2023 18:21:01] "POST /inna HTTP/1.1" 200 -
2023-06-16 18:21:01,762 - INFO - 127.0.0.1 - - [16/Jun/2023 18:21:01] "POST /inna HTTP/1.1" 200 -
2023-06-16 18:21:08,955 - INFO - 127.0.0.1 - - [16/Jun/2023 18:21:08] "POST /inna HTTP/1.1" 200 -
2023-06-16 18:23:10,134 - INFO - 127.0.0.1 - - [16/Jun/2023 18:23:10] "POST /inna HTTP/1.1" 200 -
2023-06-16 18:23:27,632 - INFO - 127.0.0.1 - - [16/Jun/2023 18:23:27] "POST /inna HTTP/1.1" 200 -
2023-06-16 18:24:00,313 - INFO - 127.0.0.1 - - [16/Jun/2023 18:24:00] "POST /inna HTTP/1.1" 200 -
2023-06-16 20:06:27,069 - INFO - 127.0.0.1 - - [16/Jun/2023 20:06:27] "POST /inna HTTP/1.1" 200 -
2023-06-16 20:06:27,070 - INFO - 127.0.0.1 - - [16/Jun/2023 20:06:27] "POST /inna HTTP/1.1" 200 -
2023-06-16 20:07:02,464 - INFO - 127.0.0.1 - - [16/Jun/2023 20:07:02] "POST /inna HTTP/1.1" 200 -
2023-06-16 20:07:02,464 - INFO - 127.0.0.1 - - [16/Jun/2023 20:07:02] "POST /inna HTTP/1.1" 200 -
2023-06-16 20:07:25,393 - INFO - 127.0.0.1 - - [16/Jun/2023 20:07:25] "POST /inna HTTP/1.1" 200 -
2023-06-16 20:07:54,296 - INFO - 127.0.0.1 - - [16/Jun/2023 20:07:54] "POST /inna HTTP/1.1" 200 -
2023-06-16 23:33:32,880 - INFO - [31m[1mWARNING: This is a development server. Do not use it in a production deployment. Use a production WSGI server instead.[0m
 * Running on http://127.0.0.1:3000
2023-06-16 23:33:32,881 - INFO - [33mPress CTRL+C to quit[0m
2023-06-17 03:57:33,372 - INFO - 127.0.0.1 - - [17/Jun/2023 03:57:33] "POST /inna HTTP/1.1" 200 -
2023-06-17 03:57:33,373 - INFO - 127.0.0.1 - - [17/Jun/2023 03:57:33] "POST /inna HTTP/1.1" 200 -
2023-06-17 03:58:27,346 - INFO - 127.0.0.1 - - [17/Jun/2023 03:58:27] "POST /inna HTTP/1.1" 200 -
2023-06-17 03:58:27,347 - INFO - 127.0.0.1 - - [17/Jun/2023 03:58:27] "POST /inna HTTP/1.1" 200 -
2023-06-17 04:15:41,049 - INFO - 127.0.0.1 - - [17/Jun/2023 04:15:41] "POST /inna HTTP/1.1" 200 -
2023-06-17 04:15:41,050 - INFO - 127.0.0.1 - - [17/Jun/2023 04:15:41] "POST /inna HTTP/1.1" 200 -
2023-06-17 04:16:19,288 - INFO - 127.0.0.1 - - [17/Jun/2023 04:16:19] "POST /inna HTTP/1.1" 200 -
2023-06-17 04:16:19,289 - INFO - 127.0.0.1 - - [17/Jun/2023 04:16:19] "POST /inna HTTP/1.1" 200 -
